#
# A fatal error has been detected by the Java Runtime Environment:
#
#  EXCEPTION_ACCESS_VIOLATION (0xc0000005) at pc=0x00007ffcada17e80, pid=14824, tid=21528
#
# JRE version: Java(TM) SE Runtime Environment (13.0.2+8) (build 13.0.2+8)
# Java VM: Java HotSpot(TM) 64-Bit Server VM (13.0.2+8, mixed mode, sharing, tiered, compressed oops, g1 gc, windows-amd64)
# Problematic frame:
# V  [jvm.dll+0x117e80]
#
# No core dump will be written. Minidumps are not enabled by default on client versions of Windows
#
# If you would like to submit a bug report, please visit:
#   http://bugreport.java.com/bugreport/crash.jsp
#

---------------  S U M M A R Y ------------

Command Line: -agentlib:jdwp=transport=dt_socket,suspend=y,address=localhost:53023 -javaagent:C:\Users\user\eclipse\java-2020-06\eclipse\configuration\org.eclipse.osgi\222\0\.cp\lib\javaagent-shaded.jar -Dfile.encoding=Cp1252 A3BSTree

Host: Intel(R) Core(TM) i5-7200U CPU @ 2.50GHz, 4 cores, 7G,  Windows 10 , 64 bit Build 18362 (10.0.18362.1350)
Time: Wed Mar 24 01:48:11 2021 Eastern Daylight Time elapsed time: 3287 seconds (0d 0h 54m 47s)

---------------  T H R E A D  ---------------

Current thread (0x0000021dd225d800):  JavaThread "JDWP Transport Listener: dt_socket" daemon [_thread_in_vm, id=21528, stack(0x0000009795b00000,0x0000009795c00000)]

Stack: [0x0000009795b00000,0x0000009795c00000],  sp=0x0000009795bfe350,  free space=1016k
Native frames: (J=compiled Java code, j=interpreted, Vv=VM code, C=native code)
V  [jvm.dll+0x117e80]
V  [jvm.dll+0x6ab705]
V  [jvm.dll+0x5d02c9]
V  [jvm.dll+0x241eff]
V  [jvm.dll+0x5da484]
V  [jvm.dll+0x1cd8a5]
V  [jvm.dll+0x1cde55]
V  [jvm.dll+0x1cea52]
V  [jvm.dll+0x1c35eb]
V  [jvm.dll+0x50a6d2]
V  [jvm.dll+0x6fc7f9]
V  [jvm.dll+0x4fbf3a]
V  [jvm.dll+0x4fb3b3]
V  [jvm.dll+0x7776dd]
V  [jvm.dll+0x4e0201]
V  [jvm.dll+0x4a5b42]
C  [jdwp.dll+0xa1cc]


siginfo: EXCEPTION_ACCESS_VIOLATION (0xc0000005), reading address 0xffffffffffffffff


Register to memory mapping:

RIP=0x00007ffcada17e80 jvm.dll
RAX=0x0001021dd1c8f608 is an unknown value
RBX=0x0000000000000013 is an unknown value
RCX=0x0000021dd23922b0 points into unknown readable memory: 30 26 39 d2 1d 02 00 00
RDX=0x0000021dd1c8ca08 is pointing into metadata
RSP=0x0000009795bfe350 is pointing into the stack for thread: 0x0000021dd225d800
RBP=0x0000000000000013 is an unknown value
RSI=0x0000021dd23922b0 points into unknown readable memory: 30 26 39 d2 1d 02 00 00
RDI=0x0000000000001554 is an unknown value
R8 =0x0000021dd2392630 points into unknown readable memory: f7 12 00 00 00 00 00 00
R9 =0x0000021dd225d800 is a thread
R10=0x0000000000000013 is an unknown value
R11=0x0000021dd168ae10 points into unknown readable memory: b8 c0 19 d2 1d 02 00 00
R12=0x0000021dd225d800 is a thread
R13=0x0000009795bfec70 is pointing into the stack for thread: 0x0000021dd225d800
R14=0x0000021dd23922b0 points into unknown readable memory: 30 26 39 d2 1d 02 00 00
R15=0x0 is NULL


Registers:
RAX=0x0001021dd1c8f608, RBX=0x0000000000000013, RCX=0x0000021dd23922b0, RDX=0x0000021dd1c8ca08
RSP=0x0000009795bfe350, RBP=0x0000000000000013, RSI=0x0000021dd23922b0, RDI=0x0000000000001554
R8 =0x0000021dd2392630, R9 =0x0000021dd225d800, R10=0x0000000000000013, R11=0x0000021dd168ae10
R12=0x0000021dd225d800, R13=0x0000009795bfec70, R14=0x0000021dd23922b0, R15=0x0000000000000000
RIP=0x00007ffcada17e80, EFLAGS=0x0000000000010202

Top of Stack: (sp=0x0000009795bfe350)
0x0000009795bfe350:   000000000000000c 0000021dd23922b0
0x0000009795bfe360:   0000021dd1c8c930 0000000000000000
0x0000009795bfe370:   0000000000001554 00007ffcadfab705
0x0000009795bfe380:   0000021dd17da370 0000021dd2321810
0x0000009795bfe390:   0000021dd17da370 00007ffcada17edc
0x0000009795bfe3a0:   0000021dd168ae10 00007ffcaded02c9
0x0000009795bfe3b0:   0000000000000013 0000000000000001
0x0000009795bfe3c0:   0000000000000008 0000000000000000
0x0000009795bfe3d0:   0000021dd17da370 0000021dd2321810
0x0000009795bfe3e0:   0000021dd17da370 0000021dd2321810
0x0000009795bfe3f0:   0000021dd168ae10 00007ffcaded047d
0x0000009795bfe400:   000000000000000b 0000000000000001
0x0000009795bfe410:   0000000000000007 0000000000000000
0x0000009795bfe420:   0000000000000002 0000000000000000
0x0000009795bfe430:   0000009795bfe709 00007ffcf0f066f9
0x0000009795bfe440:   0000021db1548d00 0000000000000001 

Instructions: (pc=0x00007ffcada17e80)
0x00007ffcada17d80:   48 85 d2 74 3c 48 89 5c 24 08 57 48 83 ec 20 48
0x00007ffcada17d90:   8b 01 48 8b fa 48 8b 52 28 48 8b d9 ff 50 08 48
0x00007ffcada17da0:   8b 03 48 8b d7 48 8b cb ff 10 48 8b 03 48 8b cb
0x00007ffcada17db0:   48 8b 57 30 ff 50 08 48 8b 5c 24 30 48 83 c4 20
0x00007ffcada17dc0:   5f c3 cc cc cc cc cc cc cc cc cc cc cc cc cc cc
0x00007ffcada17dd0:   48 89 5c 24 08 48 89 74 24 10 57 48 83 ec 20 48
0x00007ffcada17de0:   8b da 48 8b f1 48 83 fa 0b 73 7b e8 e0 05 00 00
0x00007ffcada17df0:   4c 8b c3 49 c1 e0 05 49 83 7c 00 b8 00 7e 67 48
0x00007ffcada17e00:   8d 53 fd 48 c1 e2 05 48 03 d0 48 8b 3a 48 85 ff
0x00007ffcada17e10:   74 54 48 8b 47 08 33 c9 48 85 c0 74 06 48 89 48
0x00007ffcada17e20:   10 eb 04 48 89 4a 08 48 89 02 48 85 c0 74 04 48
0x00007ffcada17e30:   89 48 10 48 ff 4a 18 48 83 3d c1 a3 93 00 00 74
0x00007ffcada17e40:   12 4c 8b c3 48 8d 0d 95 6a 72 00 48 8b d7 e8 bd
0x00007ffcada17e50:   fd ff ff 48 8b c7 48 8b 5c 24 30 48 8b 74 24 38
0x00007ffcada17e60:   48 83 c4 20 5f c3 48 3b 1d 43 b1 8d 00 72 42 4c
0x00007ffcada17e70:   8b 06 49 8b 40 10 48 8b d0 48 85 c0 74 1c 66 90
0x00007ffcada17e80:   48 39 58 10 74 3d 48 8b d0 73 06 48 8b 40 30 eb
0x00007ffcada17e90:   04 48 8b 40 28 48 85 c0 75 e6 48 8b c2 48 85 d2
0x00007ffcada17ea0:   74 0f 48 39 58 10 73 1b 48 8b 40 20 48 85 c0 75
0x00007ffcada17eb0:   f1 33 c0 48 8b 5c 24 30 48 8b 74 24 38 48 83 c4
0x00007ffcada17ec0:   20 5f c3 48 8b 38 49 8b c8 48 8b 47 08 48 85 c0
0x00007ffcada17ed0:   48 0f 45 f8 48 8b d7 e8 c4 01 00 00 48 85 ff 74
0x00007ffcada17ee0:   d0 4c 8b 07 48 8d 04 9d 00 00 00 00 4c 3b c0 76
0x00007ffcada17ef0:   1d 48 8b d7 48 8b ce e8 84 03 00 00 33 c0 48 8b
0x00007ffcada17f00:   5c 24 30 48 8b 74 24 38 48 83 c4 20 5f c3 4c 2b
0x00007ffcada17f10:   c3 49 83 f8 03 72 0c 48 8d 14 df 48 8b ce e8 5d
0x00007ffcada17f20:   03 00 00 48 83 3d d5 a2 93 00 00 0f 84 22 ff ff
0x00007ffcada17f30:   ff 4c 8b c3 48 8d 0d a5 69 72 00 48 8b d7 e8 cd
0x00007ffcada17f40:   fc ff ff 48 8b 5c 24 30 48 8b c7 48 8b 74 24 38
0x00007ffcada17f50:   48 83 c4 20 5f c3 cc cc cc cc cc cc cc cc cc cc
0x00007ffcada17f60:   40 53 48 83 ec 60 4c 8b c2 48 8b d9 48 8d 15 f9
0x00007ffcada17f70:   69 72 00 e8 38 f0 50 00 48 8d 05 f9 69 72 00 48 


Stack slot to memory mapping:
stack at sp + 0 slots: 0x000000000000000c is an unknown value
stack at sp + 1 slots: 0x0000021dd23922b0 points into unknown readable memory: 30 26 39 d2 1d 02 00 00
stack at sp + 2 slots: 0x0000021dd1c8c930 is pointing into metadata
stack at sp + 3 slots: 0x0 is NULL
stack at sp + 4 slots: 0x0000000000001554 is an unknown value
stack at sp + 5 slots: 0x00007ffcadfab705 jvm.dll
stack at sp + 6 slots: 0x0000021dd17da370 points into unknown readable memory: 00 d8 25 d2 1d 02 00 00
stack at sp + 7 slots: 0x0000021dd2321810 points into unknown readable memory: 70 a3 7d d1 1d 02 00 00


---------------  P R O C E S S  ---------------

Threads class SMR info:
_java_thread_list=0x0000021dd248b8c0, length=13, elements={
0x0000021db3750000, 0x0000021dd17c7800, 0x0000021dd17cb800, 0x0000021dd17e8000,
0x0000021dd17ea000, 0x0000021dd17ec000, 0x0000021dd17f2000, 0x0000021dd17fe000,
0x0000021dd17ab000, 0x0000021dd225d800, 0x0000021dd22a7000, 0x0000021dd2254000,
0x0000021dd245a800
}

Java Threads: ( => current thread )
  0x0000021db3750000 JavaThread "main" [_thread_blocked, id=3388, stack(0x0000009794c00000,0x0000009794d00000)]
  0x0000021dd17c7800 JavaThread "Reference Handler" daemon [_thread_blocked, id=12916, stack(0x0000009795300000,0x0000009795400000)]
  0x0000021dd17cb800 JavaThread "Finalizer" daemon [_thread_blocked, id=24448, stack(0x0000009795400000,0x0000009795500000)]
  0x0000021dd17e8000 JavaThread "Signal Dispatcher" daemon [_thread_blocked, id=4732, stack(0x0000009795500000,0x0000009795600000)]
  0x0000021dd17ea000 JavaThread "Attach Listener" daemon [_thread_blocked, id=13280, stack(0x0000009795600000,0x0000009795700000)]
  0x0000021dd17ec000 JavaThread "C2 CompilerThread0" daemon [_thread_blocked, id=14892, stack(0x0000009795700000,0x0000009795800000)]
  0x0000021dd17f2000 JavaThread "C1 CompilerThread0" daemon [_thread_blocked, id=7016, stack(0x0000009795800000,0x0000009795900000)]
  0x0000021dd17fe000 JavaThread "Sweeper thread" daemon [_thread_blocked, id=17656, stack(0x0000009795900000,0x0000009795a00000)]
  0x0000021dd17ab000 JavaThread "Common-Cleaner" daemon [_thread_blocked, id=25536, stack(0x0000009795a00000,0x0000009795b00000)]
=>0x0000021dd225d800 JavaThread "JDWP Transport Listener: dt_socket" daemon [_thread_in_vm, id=21528, stack(0x0000009795b00000,0x0000009795c00000)]
  0x0000021dd22a7000 JavaThread "JDWP Event Helper Thread" daemon [_thread_blocked, id=5556, stack(0x0000009795c00000,0x0000009795d00000)]
  0x0000021dd2254000 JavaThread "JDWP Command Reader" daemon [_thread_in_native, id=10976, stack(0x0000009795d00000,0x0000009795e00000)]
  0x0000021dd245a800 JavaThread "Service Thread" daemon [_thread_blocked, id=9232, stack(0x0000009795f00000,0x0000009796000000)]

Other Threads:
  0x0000021dd17c3000 VMThread "VM Thread" [stack: 0x0000009795200000,0x0000009795300000] [id=8640]
  0x0000021dd2456000 WatcherThread [stack: 0x0000009796000000,0x0000009796100000] [id=6892]
  0x0000021db3792800 GCTaskThread "GC Thread#0" [stack: 0x0000009794d00000,0x0000009794e00000] [id=16480]
  0x0000021db37a3800 ConcurrentGCThread "G1 Main Marker" [stack: 0x0000009794e00000,0x0000009794f00000] [id=16104]
  0x0000021db37a5000 ConcurrentGCThread "G1 Conc#0" [stack: 0x0000009794f00000,0x0000009795000000] [id=3344]
  0x0000021dd1642800 ConcurrentGCThread "G1 Refine#0" [stack: 0x0000009795000000,0x0000009795100000] [id=9244]
  0x0000021dd1644000 ConcurrentGCThread "G1 Young RemSet Sampling" [stack: 0x0000009795100000,0x0000009795200000] [id=22472]

Threads with active compile tasks:

VM state:not at safepoint (normal execution)

VM Mutex/Monitor currently owned by a thread: None

Heap address: 0x0000000089000000, size: 1904 MB, Compressed Oops mode: 32-bit
Narrow klass base: 0x0000000800000000, Narrow klass shift: 3
Compressed class space size: 1073741824 Address: 0x0000000800b40000

Heap:
 garbage-first heap   total 122880K, used 4096K [0x0000000089000000, 0x0000000100000000)
  region size 1024K, 5 young (5120K), 0 survivors (0K)
 Metaspace       used 2791K, capacity 4973K, committed 5120K, reserved 1056768K
  class space    used 268K, capacity 443K, committed 512K, reserved 1048576K
Heap Regions: E=young(eden), S=young(survivor), O=old, HS=humongous(starts), HC=humongous(continues), CS=collection set, F=free, A=archive, TAMS=top-at-mark-start (previous, next)
|   0|0x0000000089000000, 0x0000000089000000, 0x0000000089100000|  0%| F|  |TAMS 0x0000000089000000, 0x0000000089000000| Untracked 
|   1|0x0000000089100000, 0x0000000089100000, 0x0000000089200000|  0%| F|  |TAMS 0x0000000089100000, 0x0000000089100000| Untracked 
|   2|0x0000000089200000, 0x0000000089200000, 0x0000000089300000|  0%| F|  |TAMS 0x0000000089200000, 0x0000000089200000| Untracked 
|   3|0x0000000089300000, 0x0000000089300000, 0x0000000089400000|  0%| F|  |TAMS 0x0000000089300000, 0x0000000089300000| Untracked 
|   4|0x0000000089400000, 0x0000000089400000, 0x0000000089500000|  0%| F|  |TAMS 0x0000000089400000, 0x0000000089400000| Untracked 
|   5|0x0000000089500000, 0x0000000089500000, 0x0000000089600000|  0%| F|  |TAMS 0x0000000089500000, 0x0000000089500000| Untracked 
|   6|0x0000000089600000, 0x0000000089600000, 0x0000000089700000|  0%| F|  |TAMS 0x0000000089600000, 0x0000000089600000| Untracked 
|   7|0x0000000089700000, 0x0000000089700000, 0x0000000089800000|  0%| F|  |TAMS 0x0000000089700000, 0x0000000089700000| Untracked 
|   8|0x0000000089800000, 0x0000000089800000, 0x0000000089900000|  0%| F|  |TAMS 0x0000000089800000, 0x0000000089800000| Untracked 
|   9|0x0000000089900000, 0x0000000089900000, 0x0000000089a00000|  0%| F|  |TAMS 0x0000000089900000, 0x0000000089900000| Untracked 
|  10|0x0000000089a00000, 0x0000000089a00000, 0x0000000089b00000|  0%| F|  |TAMS 0x0000000089a00000, 0x0000000089a00000| Untracked 
|  11|0x0000000089b00000, 0x0000000089b00000, 0x0000000089c00000|  0%| F|  |TAMS 0x0000000089b00000, 0x0000000089b00000| Untracked 
|  12|0x0000000089c00000, 0x0000000089c00000, 0x0000000089d00000|  0%| F|  |TAMS 0x0000000089c00000, 0x0000000089c00000| Untracked 
|  13|0x0000000089d00000, 0x0000000089d00000, 0x0000000089e00000|  0%| F|  |TAMS 0x0000000089d00000, 0x0000000089d00000| Untracked 
|  14|0x0000000089e00000, 0x0000000089e00000, 0x0000000089f00000|  0%| F|  |TAMS 0x0000000089e00000, 0x0000000089e00000| Untracked 
|  15|0x0000000089f00000, 0x0000000089f00000, 0x000000008a000000|  0%| F|  |TAMS 0x0000000089f00000, 0x0000000089f00000| Untracked 
|  16|0x000000008a000000, 0x000000008a000000, 0x000000008a100000|  0%| F|  |TAMS 0x000000008a000000, 0x000000008a000000| Untracked 
|  17|0x000000008a100000, 0x000000008a100000, 0x000000008a200000|  0%| F|  |TAMS 0x000000008a100000, 0x000000008a100000| Untracked 
|  18|0x000000008a200000, 0x000000008a200000, 0x000000008a300000|  0%| F|  |TAMS 0x000000008a200000, 0x000000008a200000| Untracked 
|  19|0x000000008a300000, 0x000000008a300000, 0x000000008a400000|  0%| F|  |TAMS 0x000000008a300000, 0x000000008a300000| Untracked 
|  20|0x000000008a400000, 0x000000008a400000, 0x000000008a500000|  0%| F|  |TAMS 0x000000008a400000, 0x000000008a400000| Untracked 
|  21|0x000000008a500000, 0x000000008a500000, 0x000000008a600000|  0%| F|  |TAMS 0x000000008a500000, 0x000000008a500000| Untracked 
|  22|0x000000008a600000, 0x000000008a600000, 0x000000008a700000|  0%| F|  |TAMS 0x000000008a600000, 0x000000008a600000| Untracked 
|  23|0x000000008a700000, 0x000000008a700000, 0x000000008a800000|  0%| F|  |TAMS 0x000000008a700000, 0x000000008a700000| Untracked 
|  24|0x000000008a800000, 0x000000008a800000, 0x000000008a900000|  0%| F|  |TAMS 0x000000008a800000, 0x000000008a800000| Untracked 
|  25|0x000000008a900000, 0x000000008a900000, 0x000000008aa00000|  0%| F|  |TAMS 0x000000008a900000, 0x000000008a900000| Untracked 
|  26|0x000000008aa00000, 0x000000008aa00000, 0x000000008ab00000|  0%| F|  |TAMS 0x000000008aa00000, 0x000000008aa00000| Untracked 
|  27|0x000000008ab00000, 0x000000008ab00000, 0x000000008ac00000|  0%| F|  |TAMS 0x000000008ab00000, 0x000000008ab00000| Untracked 
|  28|0x000000008ac00000, 0x000000008ac00000, 0x000000008ad00000|  0%| F|  |TAMS 0x000000008ac00000, 0x000000008ac00000| Untracked 
|  29|0x000000008ad00000, 0x000000008ad00000, 0x000000008ae00000|  0%| F|  |TAMS 0x000000008ad00000, 0x000000008ad00000| Untracked 
|  30|0x000000008ae00000, 0x000000008ae00000, 0x000000008af00000|  0%| F|  |TAMS 0x000000008ae00000, 0x000000008ae00000| Untracked 
|  31|0x000000008af00000, 0x000000008af00000, 0x000000008b000000|  0%| F|  |TAMS 0x000000008af00000, 0x000000008af00000| Untracked 
|  32|0x000000008b000000, 0x000000008b000000, 0x000000008b100000|  0%| F|  |TAMS 0x000000008b000000, 0x000000008b000000| Untracked 
|  33|0x000000008b100000, 0x000000008b100000, 0x000000008b200000|  0%| F|  |TAMS 0x000000008b100000, 0x000000008b100000| Untracked 
|  34|0x000000008b200000, 0x000000008b200000, 0x000000008b300000|  0%| F|  |TAMS 0x000000008b200000, 0x000000008b200000| Untracked 
|  35|0x000000008b300000, 0x000000008b300000, 0x000000008b400000|  0%| F|  |TAMS 0x000000008b300000, 0x000000008b300000| Untracked 
|  36|0x000000008b400000, 0x000000008b400000, 0x000000008b500000|  0%| F|  |TAMS 0x000000008b400000, 0x000000008b400000| Untracked 
|  37|0x000000008b500000, 0x000000008b500000, 0x000000008b600000|  0%| F|  |TAMS 0x000000008b500000, 0x000000008b500000| Untracked 
|  38|0x000000008b600000, 0x000000008b600000, 0x000000008b700000|  0%| F|  |TAMS 0x000000008b600000, 0x000000008b600000| Untracked 
|  39|0x000000008b700000, 0x000000008b700000, 0x000000008b800000|  0%| F|  |TAMS 0x000000008b700000, 0x000000008b700000| Untracked 
|  40|0x000000008b800000, 0x000000008b800000, 0x000000008b900000|  0%| F|  |TAMS 0x000000008b800000, 0x000000008b800000| Untracked 
|  41|0x000000008b900000, 0x000000008b900000, 0x000000008ba00000|  0%| F|  |TAMS 0x000000008b900000, 0x000000008b900000| Untracked 
|  42|0x000000008ba00000, 0x000000008ba00000, 0x000000008bb00000|  0%| F|  |TAMS 0x000000008ba00000, 0x000000008ba00000| Untracked 
|  43|0x000000008bb00000, 0x000000008bb00000, 0x000000008bc00000|  0%| F|  |TAMS 0x000000008bb00000, 0x000000008bb00000| Untracked 
|  44|0x000000008bc00000, 0x000000008bc00000, 0x000000008bd00000|  0%| F|  |TAMS 0x000000008bc00000, 0x000000008bc00000| Untracked 
|  45|0x000000008bd00000, 0x000000008bd00000, 0x000000008be00000|  0%| F|  |TAMS 0x000000008bd00000, 0x000000008bd00000| Untracked 
|  46|0x000000008be00000, 0x000000008be00000, 0x000000008bf00000|  0%| F|  |TAMS 0x000000008be00000, 0x000000008be00000| Untracked 
|  47|0x000000008bf00000, 0x000000008bf00000, 0x000000008c000000|  0%| F|  |TAMS 0x000000008bf00000, 0x000000008bf00000| Untracked 
|  48|0x000000008c000000, 0x000000008c000000, 0x000000008c100000|  0%| F|  |TAMS 0x000000008c000000, 0x000000008c000000| Untracked 
|  49|0x000000008c100000, 0x000000008c100000, 0x000000008c200000|  0%| F|  |TAMS 0x000000008c100000, 0x000000008c100000| Untracked 
|  50|0x000000008c200000, 0x000000008c200000, 0x000000008c300000|  0%| F|  |TAMS 0x000000008c200000, 0x000000008c200000| Untracked 
|  51|0x000000008c300000, 0x000000008c300000, 0x000000008c400000|  0%| F|  |TAMS 0x000000008c300000, 0x000000008c300000| Untracked 
|  52|0x000000008c400000, 0x000000008c400000, 0x000000008c500000|  0%| F|  |TAMS 0x000000008c400000, 0x000000008c400000| Untracked 
|  53|0x000000008c500000, 0x000000008c500000, 0x000000008c600000|  0%| F|  |TAMS 0x000000008c500000, 0x000000008c500000| Untracked 
|  54|0x000000008c600000, 0x000000008c600000, 0x000000008c700000|  0%| F|  |TAMS 0x000000008c600000, 0x000000008c600000| Untracked 
|  55|0x000000008c700000, 0x000000008c700000, 0x000000008c800000|  0%| F|  |TAMS 0x000000008c700000, 0x000000008c700000| Untracked 
|  56|0x000000008c800000, 0x000000008c800000, 0x000000008c900000|  0%| F|  |TAMS 0x000000008c800000, 0x000000008c800000| Untracked 
|  57|0x000000008c900000, 0x000000008c900000, 0x000000008ca00000|  0%| F|  |TAMS 0x000000008c900000, 0x000000008c900000| Untracked 
|  58|0x000000008ca00000, 0x000000008ca00000, 0x000000008cb00000|  0%| F|  |TAMS 0x000000008ca00000, 0x000000008ca00000| Untracked 
|  59|0x000000008cb00000, 0x000000008cb00000, 0x000000008cc00000|  0%| F|  |TAMS 0x000000008cb00000, 0x000000008cb00000| Untracked 
|  60|0x000000008cc00000, 0x000000008cc00000, 0x000000008cd00000|  0%| F|  |TAMS 0x000000008cc00000, 0x000000008cc00000| Untracked 
|  61|0x000000008cd00000, 0x000000008cd00000, 0x000000008ce00000|  0%| F|  |TAMS 0x000000008cd00000, 0x000000008cd00000| Untracked 
|  62|0x000000008ce00000, 0x000000008ce00000, 0x000000008cf00000|  0%| F|  |TAMS 0x000000008ce00000, 0x000000008ce00000| Untracked 
|  63|0x000000008cf00000, 0x000000008cf00000, 0x000000008d000000|  0%| F|  |TAMS 0x000000008cf00000, 0x000000008cf00000| Untracked 
|  64|0x000000008d000000, 0x000000008d000000, 0x000000008d100000|  0%| F|  |TAMS 0x000000008d000000, 0x000000008d000000| Untracked 
|  65|0x000000008d100000, 0x000000008d100000, 0x000000008d200000|  0%| F|  |TAMS 0x000000008d100000, 0x000000008d100000| Untracked 
|  66|0x000000008d200000, 0x000000008d200000, 0x000000008d300000|  0%| F|  |TAMS 0x000000008d200000, 0x000000008d200000| Untracked 
|  67|0x000000008d300000, 0x000000008d300000, 0x000000008d400000|  0%| F|  |TAMS 0x000000008d300000, 0x000000008d300000| Untracked 
|  68|0x000000008d400000, 0x000000008d400000, 0x000000008d500000|  0%| F|  |TAMS 0x000000008d400000, 0x000000008d400000| Untracked 
|  69|0x000000008d500000, 0x000000008d500000, 0x000000008d600000|  0%| F|  |TAMS 0x000000008d500000, 0x000000008d500000| Untracked 
|  70|0x000000008d600000, 0x000000008d600000, 0x000000008d700000|  0%| F|  |TAMS 0x000000008d600000, 0x000000008d600000| Untracked 
|  71|0x000000008d700000, 0x000000008d700000, 0x000000008d800000|  0%| F|  |TAMS 0x000000008d700000, 0x000000008d700000| Untracked 
|  72|0x000000008d800000, 0x000000008d800000, 0x000000008d900000|  0%| F|  |TAMS 0x000000008d800000, 0x000000008d800000| Untracked 
|  73|0x000000008d900000, 0x000000008d900000, 0x000000008da00000|  0%| F|  |TAMS 0x000000008d900000, 0x000000008d900000| Untracked 
|  74|0x000000008da00000, 0x000000008da00000, 0x000000008db00000|  0%| F|  |TAMS 0x000000008da00000, 0x000000008da00000| Untracked 
|  75|0x000000008db00000, 0x000000008db00000, 0x000000008dc00000|  0%| F|  |TAMS 0x000000008db00000, 0x000000008db00000| Untracked 
|  76|0x000000008dc00000, 0x000000008dc00000, 0x000000008dd00000|  0%| F|  |TAMS 0x000000008dc00000, 0x000000008dc00000| Untracked 
|  77|0x000000008dd00000, 0x000000008dd00000, 0x000000008de00000|  0%| F|  |TAMS 0x000000008dd00000, 0x000000008dd00000| Untracked 
|  78|0x000000008de00000, 0x000000008de00000, 0x000000008df00000|  0%| F|  |TAMS 0x000000008de00000, 0x000000008de00000| Untracked 
|  79|0x000000008df00000, 0x000000008df00000, 0x000000008e000000|  0%| F|  |TAMS 0x000000008df00000, 0x000000008df00000| Untracked 
|  80|0x000000008e000000, 0x000000008e000000, 0x000000008e100000|  0%| F|  |TAMS 0x000000008e000000, 0x000000008e000000| Untracked 
|  81|0x000000008e100000, 0x000000008e100000, 0x000000008e200000|  0%| F|  |TAMS 0x000000008e100000, 0x000000008e100000| Untracked 
|  82|0x000000008e200000, 0x000000008e200000, 0x000000008e300000|  0%| F|  |TAMS 0x000000008e200000, 0x000000008e200000| Untracked 
|  83|0x000000008e300000, 0x000000008e300000, 0x000000008e400000|  0%| F|  |TAMS 0x000000008e300000, 0x000000008e300000| Untracked 
|  84|0x000000008e400000, 0x000000008e400000, 0x000000008e500000|  0%| F|  |TAMS 0x000000008e400000, 0x000000008e400000| Untracked 
|  85|0x000000008e500000, 0x000000008e500000, 0x000000008e600000|  0%| F|  |TAMS 0x000000008e500000, 0x000000008e500000| Untracked 
|  86|0x000000008e600000, 0x000000008e600000, 0x000000008e700000|  0%| F|  |TAMS 0x000000008e600000, 0x000000008e600000| Untracked 
|  87|0x000000008e700000, 0x000000008e700000, 0x000000008e800000|  0%| F|  |TAMS 0x000000008e700000, 0x000000008e700000| Untracked 
|  88|0x000000008e800000, 0x000000008e800000, 0x000000008e900000|  0%| F|  |TAMS 0x000000008e800000, 0x000000008e800000| Untracked 
|  89|0x000000008e900000, 0x000000008e900000, 0x000000008ea00000|  0%| F|  |TAMS 0x000000008e900000, 0x000000008e900000| Untracked 
|  90|0x000000008ea00000, 0x000000008ea00000, 0x000000008eb00000|  0%| F|  |TAMS 0x000000008ea00000, 0x000000008ea00000| Untracked 
|  91|0x000000008eb00000, 0x000000008eb00000, 0x000000008ec00000|  0%| F|  |TAMS 0x000000008eb00000, 0x000000008eb00000| Untracked 
|  92|0x000000008ec00000, 0x000000008ec00000, 0x000000008ed00000|  0%| F|  |TAMS 0x000000008ec00000, 0x000000008ec00000| Untracked 
|  93|0x000000008ed00000, 0x000000008ed00000, 0x000000008ee00000|  0%| F|  |TAMS 0x000000008ed00000, 0x000000008ed00000| Untracked 
|  94|0x000000008ee00000, 0x000000008ee00000, 0x000000008ef00000|  0%| F|  |TAMS 0x000000008ee00000, 0x000000008ee00000| Untracked 
|  95|0x000000008ef00000, 0x000000008ef00000, 0x000000008f000000|  0%| F|  |TAMS 0x000000008ef00000, 0x000000008ef00000| Untracked 
|  96|0x000000008f000000, 0x000000008f000000, 0x000000008f100000|  0%| F|  |TAMS 0x000000008f000000, 0x000000008f000000| Untracked 
|  97|0x000000008f100000, 0x000000008f100000, 0x000000008f200000|  0%| F|  |TAMS 0x000000008f100000, 0x000000008f100000| Untracked 
|  98|0x000000008f200000, 0x000000008f200000, 0x000000008f300000|  0%| F|  |TAMS 0x000000008f200000, 0x000000008f200000| Untracked 
|  99|0x000000008f300000, 0x000000008f300000, 0x000000008f400000|  0%| F|  |TAMS 0x000000008f300000, 0x000000008f300000| Untracked 
| 100|0x000000008f400000, 0x000000008f400000, 0x000000008f500000|  0%| F|  |TAMS 0x000000008f400000, 0x000000008f400000| Untracked 
| 101|0x000000008f500000, 0x000000008f500000, 0x000000008f600000|  0%| F|  |TAMS 0x000000008f500000, 0x000000008f500000| Untracked 
| 102|0x000000008f600000, 0x000000008f600000, 0x000000008f700000|  0%| F|  |TAMS 0x000000008f600000, 0x000000008f600000| Untracked 
| 103|0x000000008f700000, 0x000000008f700000, 0x000000008f800000|  0%| F|  |TAMS 0x000000008f700000, 0x000000008f700000| Untracked 
| 104|0x000000008f800000, 0x000000008f800000, 0x000000008f900000|  0%| F|  |TAMS 0x000000008f800000, 0x000000008f800000| Untracked 
| 105|0x000000008f900000, 0x000000008f900000, 0x000000008fa00000|  0%| F|  |TAMS 0x000000008f900000, 0x000000008f900000| Untracked 
| 106|0x000000008fa00000, 0x000000008fa00000, 0x000000008fb00000|  0%| F|  |TAMS 0x000000008fa00000, 0x000000008fa00000| Untracked 
| 107|0x000000008fb00000, 0x000000008fb00000, 0x000000008fc00000|  0%| F|  |TAMS 0x000000008fb00000, 0x000000008fb00000| Untracked 
| 108|0x000000008fc00000, 0x000000008fc00000, 0x000000008fd00000|  0%| F|  |TAMS 0x000000008fc00000, 0x000000008fc00000| Untracked 
| 109|0x000000008fd00000, 0x000000008fd00000, 0x000000008fe00000|  0%| F|  |TAMS 0x000000008fd00000, 0x000000008fd00000| Untracked 
| 110|0x000000008fe00000, 0x000000008fe00000, 0x000000008ff00000|  0%| F|  |TAMS 0x000000008fe00000, 0x000000008fe00000| Untracked 
| 111|0x000000008ff00000, 0x000000008ff00000, 0x0000000090000000|  0%| F|  |TAMS 0x000000008ff00000, 0x000000008ff00000| Untracked 
| 112|0x0000000090000000, 0x0000000090000000, 0x0000000090100000|  0%| F|  |TAMS 0x0000000090000000, 0x0000000090000000| Untracked 
| 113|0x0000000090100000, 0x0000000090100000, 0x0000000090200000|  0%| F|  |TAMS 0x0000000090100000, 0x0000000090100000| Untracked 
| 114|0x0000000090200000, 0x0000000090200000, 0x0000000090300000|  0%| F|  |TAMS 0x0000000090200000, 0x0000000090200000| Untracked 
| 115|0x0000000090300000, 0x00000000903efca0, 0x0000000090400000| 93%| E|  |TAMS 0x0000000090300000, 0x0000000090300000| Complete 
| 116|0x0000000090400000, 0x0000000090500000, 0x0000000090500000|100%| E|CS|TAMS 0x0000000090400000, 0x0000000090400000| Complete 
| 117|0x0000000090500000, 0x0000000090600000, 0x0000000090600000|100%| E|CS|TAMS 0x0000000090500000, 0x0000000090500000| Complete 
| 118|0x0000000090600000, 0x0000000090700000, 0x0000000090700000|100%| E|CS|TAMS 0x0000000090600000, 0x0000000090600000| Complete 
| 119|0x0000000090700000, 0x0000000090800000, 0x0000000090800000|100%| E|CS|TAMS 0x0000000090700000, 0x0000000090700000| Complete 

Card table byte_map: [0x0000021dcb010000,0x0000021dcb3d0000] _byte_map_base: 0x0000021dcabc8000

Marking Bits (Prev, Next): (CMBitMap*) 0x0000021db3793398, (CMBitMap*) 0x0000021db37933d8
 Prev Bits: [0x0000021dcb790000, 0x0000021dcd550000)
 Next Bits: [0x0000021dcd550000, 0x0000021dcf310000)

Polling page: 0x0000021db1710000

Metaspace:

Usage:
  Non-class:      4.42 MB capacity,     2.46 MB ( 56%) used,     1.96 MB ( 44%) free+waste,     2.81 KB ( <1%) overhead. 
      Class:    443.00 KB capacity,   268.84 KB ( 61%) used,   172.60 KB ( 39%) free+waste,     1.56 KB ( <1%) overhead. 
       Both:      4.86 MB capacity,     2.73 MB ( 56%) used,     2.13 MB ( 44%) free+waste,     4.38 KB ( <1%) overhead. 

Virtual space:
  Non-class space:        8.00 MB reserved,       4.50 MB ( 56%) committed 
      Class space:        1.00 GB reserved,     512.00 KB ( <1%) committed 
             Both:        1.01 GB reserved,       5.00 MB ( <1%) committed 

Chunk freelists:
   Non-Class:  14.00 KB
       Class:  5.00 KB
        Both:  19.00 KB

MaxMetaspaceSize: 17179869184.00 GB
CompressedClassSpaceSize: 1.00 GB

CodeHeap 'non-profiled nmethods': size=120000Kb used=138Kb max_used=138Kb free=119861Kb
 bounds [0x0000021dc3720000, 0x0000021dc3990000, 0x0000021dcac50000]
CodeHeap 'profiled nmethods': size=120000Kb used=560Kb max_used=584Kb free=119439Kb
 bounds [0x0000021dbc1f0000, 0x0000021dbc460000, 0x0000021dc3720000]
CodeHeap 'non-nmethods': size=5760Kb used=1210Kb max_used=1227Kb free=4549Kb
 bounds [0x0000021dbbc50000, 0x0000021dbbec0000, 0x0000021dbc1f0000]
 total_blobs=1165 nmethods=386 adapters=278
 compilation: enabled
              stopped_count=0, restarted_count=0
 full_count=0

Compilation events (20 events):
Event: 2893.556 Thread 0x0000021dd17f2000  415       3       org.eclipse.jdt.launching.internal.org.objectweb.asm.SymbolTable$Entry::<init> (18 bytes)
Event: 2893.556 Thread 0x0000021dd17f2000 nmethod 415 0x0000021dbc257590 code [0x0000021dbc257740, 0x0000021dbc257950]
Event: 2917.098 Thread 0x0000021dd17ec000  416       4       org.eclipse.jdt.launching.internal.org.objectweb.asm.ClassReader::readUtf (44 bytes)
Event: 2917.129 Thread 0x0000021dd17ec000 nmethod 416 0x0000021dc3741490 code [0x0000021dc3741660, 0x0000021dc37420b8]
Event: 3046.660 Thread 0x0000021dd17f2000  417       3       org.eclipse.jdt.launching.internal.org.objectweb.asm.ClassReader::readMethod (1061 bytes)
Event: 3046.675 Thread 0x0000021dd17f2000 nmethod 417 0x0000021dbc282110 code [0x0000021dbc2828a0, 0x0000021dbc287d40]
Event: 3046.675 Thread 0x0000021dd17f2000  418       3       org.eclipse.jdt.launching.internal.org.objectweb.asm.ClassVisitor::visitMethod (24 bytes)
Event: 3046.676 Thread 0x0000021dd17f2000 nmethod 418 0x0000021dbc224d90 code [0x0000021dbc224f40, 0x0000021dbc225230]
Event: 3046.676 Thread 0x0000021dd17f2000  419       3       org.eclipse.jdt.launching.internal.org.objectweb.asm.MethodWriter::setMethodAttributesSource (17 bytes)
Event: 3046.676 Thread 0x0000021dd17f2000 nmethod 419 0x0000021dbc200710 code [0x0000021dbc2008a0, 0x0000021dbc200a38]
Event: 3153.668 Thread 0x0000021dd17f2000  420       1       java.net.URL::getRef (5 bytes)
Event: 3153.669 Thread 0x0000021dd17f2000 nmethod 420 0x0000021dc372f010 code [0x0000021dc372f1a0, 0x0000021dc372f2d8]
Event: 3153.670 Thread 0x0000021dd17f2000  421       1       java.net.URL::getPath (5 bytes)
Event: 3153.670 Thread 0x0000021dd17f2000 nmethod 421 0x0000021dc372dd10 code [0x0000021dc372dea0, 0x0000021dc372dfd8]
Event: 3260.953 Thread 0x0000021dd17f2000  422       1       java.net.URL::getAuthority (5 bytes)
Event: 3260.954 Thread 0x0000021dd17f2000 nmethod 422 0x0000021dc372d810 code [0x0000021dc372d9a0, 0x0000021dc372dad8]
Event: 3260.954 Thread 0x0000021dd17f2000  423       1       java.net.URL::getQuery (5 bytes)
Event: 3260.954 Thread 0x0000021dd17f2000 nmethod 423 0x0000021dc3742610 code [0x0000021dc37427a0, 0x0000021dc37428d8]
Event: 3287.273 Thread 0x0000021dd17f2000  424       3       org.eclipse.jdt.launching.internal.org.objectweb.asm.SymbolTable::addConstantUtf8Reference (20 bytes)
Event: 3287.274 Thread 0x0000021dd17f2000 nmethod 424 0x0000021dbc253090 code [0x0000021dbc253280, 0x0000021dbc253690]

GC Heap History (0 events):
No events

Deoptimization events (20 events):
Event: 0.493 Thread 0x0000021db3750000 DEOPT PACKING pc=0x0000021dbc261a6c sp=0x0000009794cf8850
Event: 0.493 Thread 0x0000021db3750000 DEOPT UNPACKING pc=0x0000021dbbc9964e sp=0x0000009794cf7d18 mode 0
Event: 0.493 Thread 0x0000021db3750000 DEOPT PACKING pc=0x0000021dbc261a6c sp=0x0000009794cf8850
Event: 0.493 Thread 0x0000021db3750000 DEOPT UNPACKING pc=0x0000021dbbc9964e sp=0x0000009794cf7d18 mode 0
Event: 0.499 Thread 0x0000021db3750000 DEOPT PACKING pc=0x0000021dbc261a6c sp=0x0000009794cfbac0
Event: 0.499 Thread 0x0000021db3750000 DEOPT UNPACKING pc=0x0000021dbbc9964e sp=0x0000009794cfaf88 mode 0
Event: 0.499 Thread 0x0000021db3750000 DEOPT PACKING pc=0x0000021dbc261a6c sp=0x0000009794cfbac0
Event: 0.499 Thread 0x0000021db3750000 DEOPT UNPACKING pc=0x0000021dbbc9964e sp=0x0000009794cfaf88 mode 0
Event: 0.500 Thread 0x0000021db3750000 DEOPT PACKING pc=0x0000021dbc261a6c sp=0x0000009794cfbac0
Event: 0.500 Thread 0x0000021db3750000 DEOPT UNPACKING pc=0x0000021dbbc9964e sp=0x0000009794cfaf88 mode 0
Event: 0.515 Thread 0x0000021db3750000 DEOPT PACKING pc=0x0000021dbc261a6c sp=0x0000009794cf8440
Event: 0.515 Thread 0x0000021db3750000 DEOPT UNPACKING pc=0x0000021dbbc9964e sp=0x0000009794cf7908 mode 0
Event: 0.515 Thread 0x0000021db3750000 DEOPT PACKING pc=0x0000021dbc261a6c sp=0x0000009794cf8440
Event: 0.515 Thread 0x0000021db3750000 DEOPT UNPACKING pc=0x0000021dbbc9964e sp=0x0000009794cf7908 mode 0
Event: 0.516 Thread 0x0000021db3750000 DEOPT PACKING pc=0x0000021dbc261a6c sp=0x0000009794cf8440
Event: 0.516 Thread 0x0000021db3750000 DEOPT UNPACKING pc=0x0000021dbbc9964e sp=0x0000009794cf7908 mode 0
Event: 0.516 Thread 0x0000021db3750000 DEOPT PACKING pc=0x0000021dbc261ca1 sp=0x0000009794cf8440
Event: 0.516 Thread 0x0000021db3750000 DEOPT UNPACKING pc=0x0000021dbbc9964e sp=0x0000009794cf7908 mode 0
Event: 0.518 Thread 0x0000021db3750000 DEOPT PACKING pc=0x0000021dbc261ca1 sp=0x0000009794cf8440
Event: 0.518 Thread 0x0000021db3750000 DEOPT UNPACKING pc=0x0000021dbbc9964e sp=0x0000009794cf7908 mode 0

Classes unloaded (0 events):
No events

Classes redefined (20 events):
Event: 2640.539 Thread 0x0000021dd17c3000 redefined class name=A3BSTree, count=7
Event: 2640.539 Thread 0x0000021dd17c3000 redefined class name=A3BSTree$Node, count=7
Event: 2725.204 Thread 0x0000021dd17c3000 redefined class name=A3BSTree, count=8
Event: 2725.204 Thread 0x0000021dd17c3000 redefined class name=A3BSTree$Node, count=8
Event: 2752.961 Thread 0x0000021dd17c3000 redefined class name=A3BSTree, count=9
Event: 2752.961 Thread 0x0000021dd17c3000 redefined class name=A3BSTree$Node, count=9
Event: 2806.890 Thread 0x0000021dd17c3000 redefined class name=A3BSTree, count=10
Event: 2806.890 Thread 0x0000021dd17c3000 redefined class name=A3BSTree$Node, count=10
Event: 2848.523 Thread 0x0000021dd17c3000 redefined class name=A3BSTree, count=11
Event: 2848.523 Thread 0x0000021dd17c3000 redefined class name=A3BSTree$Node, count=11
Event: 2893.557 Thread 0x0000021dd17c3000 redefined class name=A3BSTree, count=12
Event: 2893.557 Thread 0x0000021dd17c3000 redefined class name=A3BSTree$Node, count=12
Event: 2917.100 Thread 0x0000021dd17c3000 redefined class name=A3BSTree, count=13
Event: 2917.100 Thread 0x0000021dd17c3000 redefined class name=A3BSTree$Node, count=13
Event: 3046.662 Thread 0x0000021dd17c3000 redefined class name=A3BSTree, count=14
Event: 3046.662 Thread 0x0000021dd17c3000 redefined class name=A3BSTree$Node, count=14
Event: 3153.671 Thread 0x0000021dd17c3000 redefined class name=A3BSTree, count=15
Event: 3153.671 Thread 0x0000021dd17c3000 redefined class name=A3BSTree$Node, count=15
Event: 3260.955 Thread 0x0000021dd17c3000 redefined class name=A3BSTree, count=16
Event: 3260.955 Thread 0x0000021dd17c3000 redefined class name=A3BSTree$Node, count=16

Internal exceptions (0 events):
No events

Events (20 events):
Event: 3154.101 Executing VM operation: GetOwnedMonitorInfo
Event: 3154.101 Executing VM operation: GetOwnedMonitorInfo done
Event: 3154.101 Executing VM operation: GetCurrentContendedMonitor
Event: 3154.101 Executing VM operation: GetCurrentContendedMonitor done
Event: 3260.954 Executing VM operation: RedefineClasses
Event: 3260.957 Executing VM operation: RedefineClasses done
Event: 3260.964 Executing VM operation: ChangeBreakpoints
Event: 3260.964 Executing VM operation: ChangeBreakpoints done
Event: 3260.969 Executing VM operation: ChangeBreakpoints
Event: 3260.969 Executing VM operation: ChangeBreakpoints done
Event: 3260.971 Executing VM operation: GetFrameCount
Event: 3260.971 Executing VM operation: GetFrameCount done
Event: 3260.971 Executing VM operation: GetStackTrace
Event: 3260.971 Executing VM operation: GetStackTrace done
Event: 3261.519 Executing VM operation: GetFrameCount
Event: 3261.519 Executing VM operation: GetFrameCount done
Event: 3261.521 Executing VM operation: GetOwnedMonitorInfo
Event: 3261.521 Executing VM operation: GetOwnedMonitorInfo done
Event: 3261.521 Executing VM operation: GetCurrentContendedMonitor
Event: 3261.521 Executing VM operation: GetCurrentContendedMonitor done


Dynamic libraries:
0x00007ff772e30000 - 0x00007ff772e3f000 	C:\Program Files\Java\jdk13\bin\javaw.exe
0x00007ffcf0ec0000 - 0x00007ffcf10b0000 	C:\Windows\SYSTEM32\ntdll.dll
0x00007ffcef4d0000 - 0x00007ffcef582000 	C:\Windows\System32\KERNEL32.DLL
0x00007ffceead0000 - 0x00007ffceed75000 	C:\Windows\System32\KERNELBASE.dll
0x00007ffceee70000 - 0x00007ffceef6a000 	C:\Windows\System32\ucrtbase.dll
0x00007ffce7b50000 - 0x00007ffce7b65000 	C:\Program Files\Java\jdk13\bin\VCRUNTIME140.dll
0x00007ffce7b00000 - 0x00007ffce7b18000 	C:\Program Files\Java\jdk13\bin\jli.dll
0x00007ffcf06a0000 - 0x00007ffcf0743000 	C:\Windows\System32\ADVAPI32.dll
0x00007ffcef8e0000 - 0x00007ffcef97e000 	C:\Windows\System32\msvcrt.dll
0x00007ffcef030000 - 0x00007ffcef0c7000 	C:\Windows\System32\sechost.dll
0x00007ffcef5f0000 - 0x00007ffcef70f000 	C:\Windows\System32\RPCRT4.dll
0x00007ffcef710000 - 0x00007ffcef8a4000 	C:\Windows\System32\USER32.dll
0x00007ffceea00000 - 0x00007ffceea21000 	C:\Windows\System32\win32u.dll
0x00007ffcefcb0000 - 0x00007ffcefcd6000 	C:\Windows\System32\GDI32.dll
0x00007ffcee6d0000 - 0x00007ffcee868000 	C:\Windows\System32\gdi32full.dll
0x00007ffceea30000 - 0x00007ffceeace000 	C:\Windows\System32\msvcp_win.dll
0x00007ffcd5800000 - 0x00007ffcd5a84000 	C:\Windows\WinSxS\amd64_microsoft.windows.common-controls_6595b64144ccf1df_6.0.18362.1440_none_9e7dbfb9e45e8e67\COMCTL32.dll
0x00007ffce6c00000 - 0x00007ffce6c0a000 	C:\Windows\SYSTEM32\VERSION.dll
0x00007ffcef0d0000 - 0x00007ffcef406000 	C:\Windows\System32\combase.dll
0x00007ffceede0000 - 0x00007ffceee61000 	C:\Windows\System32\bcryptPrimitives.dll
0x00007ffcef8b0000 - 0x00007ffcef8de000 	C:\Windows\System32\IMM32.DLL
0x00007ffcbfff0000 - 0x00007ffcc008b000 	C:\Program Files\Java\jdk13\bin\msvcp140.dll
0x00007ffcad900000 - 0x00007ffcae45d000 	C:\Program Files\Java\jdk13\bin\server\jvm.dll
0x00007ffcefca0000 - 0x00007ffcefca8000 	C:\Windows\System32\PSAPI.DLL
0x00007ffcd3da0000 - 0x00007ffcd3da9000 	C:\Windows\SYSTEM32\WSOCK32.dll
0x00007ffcefb30000 - 0x00007ffcefb9f000 	C:\Windows\System32\WS2_32.dll
0x00007ffce4500000 - 0x00007ffce4524000 	C:\Windows\SYSTEM32\WINMM.dll
0x00007ffce44d0000 - 0x00007ffce44fd000 	C:\Windows\SYSTEM32\WINMMBASE.dll
0x00007ffcede30000 - 0x00007ffcede7a000 	C:\Windows\System32\cfgmgr32.dll
0x00007ffceddf0000 - 0x00007ffcede01000 	C:\Windows\System32\kernel.appcore.dll
0x00007ffce53f0000 - 0x00007ffce5400000 	C:\Program Files\Java\jdk13\bin\verify.dll
0x00007ffcec360000 - 0x00007ffcec554000 	C:\Windows\SYSTEM32\DBGHELP.DLL
0x00007ffce6050000 - 0x00007ffce607a000 	C:\Windows\SYSTEM32\dbgcore.DLL
0x00007ffccaae0000 - 0x00007ffccab06000 	C:\Program Files\Java\jdk13\bin\java.dll
0x00007ffcccb70000 - 0x00007ffcccba8000 	C:\Program Files\Java\jdk13\bin\jdwp.dll
0x00007ffce55f0000 - 0x00007ffce55fe000 	C:\Program Files\Java\jdk13\bin\instrument.dll
0x00007ffcd1080000 - 0x00007ffcd1097000 	C:\Program Files\Java\jdk13\bin\zip.dll
0x00007ffcd9960000 - 0x00007ffcd996a000 	C:\Program Files\Java\jdk13\bin\jimage.dll
0x00007ffcefce0000 - 0x00007ffcf03c8000 	C:\Windows\System32\SHELL32.dll
0x00007ffcf0750000 - 0x00007ffcf07f7000 	C:\Windows\System32\shcore.dll
0x00007ffcede80000 - 0x00007ffcee5fb000 	C:\Windows\System32\windows.storage.dll
0x00007ffcedd80000 - 0x00007ffcedd9e000 	C:\Windows\System32\profapi.dll
0x00007ffcedda0000 - 0x00007ffceddea000 	C:\Windows\System32\powrprof.dll
0x00007ffcedd70000 - 0x00007ffcedd80000 	C:\Windows\System32\UMPDC.dll
0x00007ffcef590000 - 0x00007ffcef5e2000 	C:\Windows\System32\shlwapi.dll
0x00007ffcee600000 - 0x00007ffcee617000 	C:\Windows\System32\cryptsp.dll
0x00007ffce5470000 - 0x00007ffce547b000 	C:\Program Files\Java\jdk13\bin\dt_socket.dll
0x00007ffced5b0000 - 0x00007ffced617000 	C:\Windows\system32\mswsock.dll
0x00007ffced300000 - 0x00007ffced3cb000 	C:\Windows\SYSTEM32\DNSAPI.dll
0x00007ffcf0690000 - 0x00007ffcf0698000 	C:\Windows\System32\NSI.dll
0x00007ffced2c0000 - 0x00007ffced2fa000 	C:\Windows\SYSTEM32\IPHLPAPI.DLL
0x0000000063380000 - 0x00000000633a6000 	C:\Program Files\Bonjour\mdnsNSP.dll
0x00007ffce65b0000 - 0x00007ffce65ba000 	C:\Windows\System32\rasadhlp.dll
0x00007ffce4910000 - 0x00007ffce4987000 	C:\Windows\System32\fwpuclnt.dll
0x00007ffcee870000 - 0x00007ffcee896000 	C:\Windows\System32\bcrypt.dll
0x00007ffccee80000 - 0x00007ffccee99000 	C:\Program Files\Java\jdk13\bin\net.dll
0x00007ffce2dd0000 - 0x00007ffce2eca000 	C:\Windows\SYSTEM32\WINHTTP.dll
0x00007ffccd0f0000 - 0x00007ffccd103000 	C:\Program Files\Java\jdk13\bin\nio.dll

dbghelp: loaded successfully - version: 4.0.5 - missing functions: none
symbol engine: initialized successfully - sym options: 0x614 - pdb path: .;C:\Program Files\Java\jdk13\bin;C:\Windows\SYSTEM32;C:\Windows\WinSxS\amd64_microsoft.windows.common-controls_6595b64144ccf1df_6.0.18362.1440_none_9e7dbfb9e45e8e67;C:\Program Files\Java\jdk13\bin\server;C:\Program Files\Bonjour

VM Arguments:
jvm_args: -agentlib:jdwp=transport=dt_socket,suspend=y,address=localhost:53023 -javaagent:C:\Users\user\eclipse\java-2020-06\eclipse\configuration\org.eclipse.osgi\222\0\.cp\lib\javaagent-shaded.jar -Dfile.encoding=Cp1252 
java_command: A3BSTree
java_class_path (initial): C:\Users\user\git\AVLTree\AVLTree\bin
Launcher Type: SUN_STANDARD

[Global flags]
     intx CICompilerCount                          = 3                                         {product} {ergonomic}
     uint ConcGCThreads                            = 1                                         {product} {ergonomic}
     uint G1ConcRefinementThreads                  = 4                                         {product} {ergonomic}
   size_t G1HeapRegionSize                         = 1048576                                   {product} {ergonomic}
    uintx GCDrainStackTargetSize                   = 64                                        {product} {ergonomic}
   size_t InitialHeapSize                          = 125829120                                 {product} {ergonomic}
   size_t MarkStackSize                            = 4194304                                   {product} {ergonomic}
   size_t MaxHeapSize                              = 1996488704                                {product} {ergonomic}
   size_t MaxNewSize                               = 1197473792                                {product} {ergonomic}
   size_t MinHeapDeltaBytes                        = 1048576                                   {product} {ergonomic}
   size_t MinHeapSize                              = 8388608                                   {product} {ergonomic}
    uintx NonNMethodCodeHeapSize                   = 5832780                                {pd product} {ergonomic}
    uintx NonProfiledCodeHeapSize                  = 122912730                              {pd product} {ergonomic}
    uintx ProfiledCodeHeapSize                     = 122912730                              {pd product} {ergonomic}
    uintx ReservedCodeCacheSize                    = 251658240                              {pd product} {ergonomic}
     bool SegmentedCodeCache                       = true                                      {product} {ergonomic}
   size_t SoftMaxHeapSize                          = 1996488704                             {manageable} {ergonomic}
     bool UseCompressedClassPointers               = true                                 {lp64_product} {ergonomic}
     bool UseCompressedOops                        = true                                 {lp64_product} {ergonomic}
     bool UseG1GC                                  = true                                      {product} {ergonomic}
     bool UseLargePagesIndividualAllocation        = false                                  {pd product} {ergonomic}

Logging:
Log output configuration:
 #0: stdout all=warning uptime,level,tags
 #1: stderr all=off uptime,level,tags

Environment Variables:
PATH=C:/Program Files/Java/jdk13/bin/server;C:/Program Files/Java/jdk13/bin;C:\Program Files (x86)\Intel\iCLS Client\;C:\Program Files\Intel\iCLS Client\;C:\Windows\system32;C:\Windows;C:\Windows\System32\Wbem;C:\Windows\System32\WindowsPowerShell\v1.0\;C:\Windows\System32\OpenSSH\;C:\Program Files (x86)\Intel\Intel(R) Management Engine Components\DAL;C:\Program Files\Intel\Intel(R) Management Engine Components\DAL;C:\Program Files (x86)\Intel\Intel(R) Management Engine Components\IPT;C:\Program Files\Intel\Intel(R) Management Engine Components\IPT;C:\Program Files\Java\jdk13\bin;C:\Program Files\Git\cmd;C:\Program Files\nodejs\;C:\Users\user\AppData\Local\Programs\Python\Python39\Scripts\;C:\Users\user\AppData\Local\Programs\Python\Python39\;C:\Users\user\AppData\Local\Microsoft\WindowsApps;C:\Users\user\AppData\Local\Programs\Microsoft VS Code\bin;C:\Users\user\AppData\Local\GitHubDesktop\bin;C:\Users\user\AppData\Local\atom\bin;C:\Users\user\AppData\Local\hyper\app-3.0.2\resources\bin;C:\Users\user\AppData\Roaming\npm;C:\Program Files\mingw-w64\x86_64-8.1.0-posix-seh-rt_v6-rev0\mingw64\bin;;C:\Users\user\eclipse\java-2020-06\eclipse;
USERNAME=yorkuniversity
OS=Windows_NT
PROCESSOR_IDENTIFIER=Intel64 Family 6 Model 142 Stepping 9, GenuineIntel



---------------  S Y S T E M  ---------------

OS: Windows 10 , 64 bit Build 18362 (10.0.18362.1350)

CPU:total 4 (initial active 4) (2 cores per cpu, 2 threads per core) family 6 model 142 stepping 9, cmov, cx8, fxsr, mmx, sse, sse2, sse3, ssse3, sse4.1, sse4.2, popcnt, avx, avx2, aes, clmul, erms, 3dnowpref, lzcnt, ht, tsc, tscinvbit, bmi1, bmi2, adx, fma

Memory: 4k page, system-wide physical 7611M (1017M free)
TotalPageFile size 26043M (AvailPageFile size 7138M)
current process WorkingSet (physical memory assigned to process): 30M, peak: 42M
current process commit charge ("private bytes"): 198M, peak: 201M

vm_info: Java HotSpot(TM) 64-Bit Server VM (13.0.2+8) for windows-amd64 JRE (13.0.2+8), built on Dec 11 2019 09:20:33 by "mach5one" with unknown MS VC++:1916

END.
