#
# A fatal error has been detected by the Java Runtime Environment:
#
#  EXCEPTION_ACCESS_VIOLATION (0xc0000005) at pc=0x00007ff983a2eb23, pid=17548, tid=7876
#
# JRE version: Java(TM) SE Runtime Environment (13.0.2+8) (build 13.0.2+8)
# Java VM: Java HotSpot(TM) 64-Bit Server VM (13.0.2+8, mixed mode, sharing, tiered, compressed oops, g1 gc, windows-amd64)
# Problematic frame:
# V  [jvm.dll+0x32eb23]
#
# No core dump will be written. Minidumps are not enabled by default on client versions of Windows
#
# If you would like to submit a bug report, please visit:
#   http://bugreport.java.com/bugreport/crash.jsp
#

---------------  S U M M A R Y ------------

Command Line: -agentlib:jdwp=transport=dt_socket,suspend=y,address=localhost:64250 -javaagent:C:\Users\user\eclipse\java-2020-06\eclipse\configuration\org.eclipse.osgi\222\0\.cp\lib\javaagent-shaded.jar -Dfile.encoding=Cp1252 A3AVLTree

Host: Intel(R) Core(TM) i5-7200U CPU @ 2.50GHz, 4 cores, 7G,  Windows 10 , 64 bit Build 18362 (10.0.18362.1350)
Time: Sun Mar 28 02:24:45 2021 Eastern Daylight Time elapsed time: 1701 seconds (0d 0h 28m 21s)

---------------  T H R E A D  ---------------

Current thread (0x000001c25dd99000):  JavaThread "JDWP Transport Listener: dt_socket" daemon [_thread_in_vm, id=7876, stack(0x0000001e9b300000,0x0000001e9b400000)] _threads_hazard_ptr=0x000001c25e4c30f0

Stack: [0x0000001e9b300000,0x0000001e9b400000],  sp=0x0000001e9b3fee10,  free space=1019k
Native frames: (J=compiled Java code, j=interpreted, Vv=VM code, C=native code)
V  [jvm.dll+0x32eb23]
V  [jvm.dll+0x3329e7]
V  [jvm.dll+0x332eec]
V  [jvm.dll+0x32edf2]
V  [jvm.dll+0x6141e5]
V  [jvm.dll+0x613f6d]
V  [jvm.dll+0x5ddb03]
V  [jvm.dll+0x76840f]
V  [jvm.dll+0x4f6476]
V  [jvm.dll+0x7776dd]
V  [jvm.dll+0x4dc54e]
V  [jvm.dll+0x4a0d60]
C  [jdwp.dll+0x7bbc]


siginfo: EXCEPTION_ACCESS_VIOLATION (0xc0000005), reading address 0xffffffffffffffff


Register to memory mapping:

RIP=0x00007ff983a2eb23 jvm.dll
RAX=0x000001c25dc90ca0 points into unknown readable memory: 01 00 00 00 00 00 00 00
RBX=0x0000001e9b3fefe0 is pointing into the stack for thread: 0x000001c25dd99000
RCX=0x0000001e9b3ff050 is pointing into the stack for thread: 0x000001c25dd99000
RDX=0xffffffffffffff94 is an unknown value
RSP=0x0000001e9b3fee10 is pointing into the stack for thread: 0x000001c25dd99000
RBP=0x00007ff983a2eb00 jvm.dll
RSI=0x0 is NULL
RDI=0x00000000000000a4 is an unknown value
R8 =0x03fffffffffffffe is an unknown value
R9 =0x0000000000000014 is an unknown value
R10=0x000001c25dd9c640 points into unknown readable memory: 03 00 00 00 1e 00 00 00
R11={method} {0x000001c25d79bbd8} 'main' '([Ljava/lang/String;)V' in 'A3AVLTree'
R12=0x0000000000000001 is an unknown value
R13=0x00007ff983700000 jvm.dll
R14=0x000001c25d79bb69 is pointing into metadata
R15=0x0000000000000069 is an unknown value


Registers:
RAX=0x000001c25dc90ca0, RBX=0x0000001e9b3fefe0, RCX=0x0000001e9b3ff050, RDX=0xffffffffffffff94
RSP=0x0000001e9b3fee10, RBP=0x00007ff983a2eb00, RSI=0x0000000000000000, RDI=0x00000000000000a4
R8 =0x03fffffffffffffe, R9 =0x0000000000000014, R10=0x000001c25dd9c640, R11=0x000001c25d79bbd0
R12=0x0000000000000001, R13=0x00007ff983700000, R14=0x000001c25d79bb69, R15=0x0000000000000069
RIP=0x00007ff983a2eb23, EFLAGS=0x0000000000010a02

Top of Stack: (sp=0x0000001e9b3fee10)
0x0000001e9b3fee10:   0000001e9b3ff4b0 0000000000000028
0x0000001e9b3fee20:   0000000000000000 00007ff983a4400a
0x0000001e9b3fee30:   0000001e9b3fefe0 00007ff983a329e7
0x0000001e9b3fee40:   0000001e9b3fefe0 000001c25dd99000
0x0000001e9b3fee50:   0000001e9b3feeb0 00007ff98381ddae
0x0000001e9b3fee60:   000001c25d79bbd0 0000001e9b3ff050
0x0000001e9b3fee70:   000001c25dc97968 000001c25d79bb69
0x0000001e9b3fee80:   00000000000000a4 00007ff983a32eec
0x0000001e9b3fee90:   0000001e9b3fefe0 0000000000000069
0x0000001e9b3feea0:   00000000000000a4 000001c23d080cc0
0x0000001e9b3feeb0:   000001c25d79bbd0 000001c25dd99000
0x0000001e9b3feec0:   0000006c00000069 000000a40000008b
0x0000001e9b3feed0:   0000008b00000000 ffffffff000000a4
0x0000001e9b3feee0:   000001c25dc97968 0000000000000000
0x0000001e9b3feef0:   0000000000000000 00000000000083b0
0x0000001e9b3fef00:   000001c25dc90c50 00007ff983a2edf2 

Instructions: (pc=0x00007ff983a2eb23)
0x00007ff983a2ea23:   84 b4 00 00 00 48 8b 5b 10 48 85 db 75 ef 33 d2
0x00007ff983a2ea33:   8d 4a 18 e8 d5 58 35 00 48 8b d8 48 85 c0 0f 84
0x00007ff983a2ea43:   8e 00 00 00 33 d2 48 89 6c 24 48 49 8b 2e 48 89
0x00007ff983a2ea53:   74 24 50 89 38 8d 4a 20 e8 b0 58 35 00 33 ff 48
0x00007ff983a2ea63:   8b f0 48 85 c0 74 54 8b 0d d8 71 6c 00 8d 57 08
0x00007ff983a2ea73:   89 48 04 48 8b c8 89 38 c7 40 10 08 00 00 00 48
0x00007ff983a2ea83:   89 78 08 e8 15 4f 01 00 48 89 46 18 39 7e 04 7e
0x00007ff983a2ea93:   2d 0f 1f 40 00 0f 1f 84 00 00 00 00 00 48 8b 46
0x00007ff983a2eaa3:   18 48 63 cf 48 8d 14 c8 48 85 d2 74 05 33 c0 48
0x00007ff983a2eab3:   89 02 ff c7 3b 7e 04 7c e4 eb 03 48 8b f7 48 89
0x00007ff983a2eac3:   73 08 48 8b 74 24 50 48 89 6b 10 48 8b 6c 24 48
0x00007ff983a2ead3:   eb 04 33 ff 8b df 49 89 1e 48 8b 4b 08 48 8d 54
0x00007ff983a2eae3:   24 40 4c 89 7c 24 40 e8 a1 e3 d9 ff 48 8b 5c 24
0x00007ff983a2eaf3:   58 48 83 c4 20 41 5f 41 5e 5f c3 cc cc 40 53 48
0x00007ff983a2eb03:   83 ec 20 48 63 d2 48 8b d9 0f b6 c2 48 83 c1 70
0x00007ff983a2eb13:   24 3f 4c 8b c2 44 0f b6 c8 49 c1 e8 06 48 8b 01
0x00007ff983a2eb23:   4e 8b 04 c0 4d 0f a3 c8 72 0b 41 b0 01 e8 5b 3c
0x00007ff983a2eb33:   de ff ff 43 6c 48 83 c4 20 5b c3 cc cc 8b c2 4c
0x00007ff983a2eb43:   8b d1 41 33 c0 a9 00 00 00 f0 0f 84 ca 00 00 00
0x00007ff983a2eb53:   44 8b ca 8b c2 41 c1 e9 1d b9 72 00 00 00 41 80
0x00007ff983a2eb63:   e1 01 c1 e8 1e 44 8d 59 ae a8 01 74 1a 45 84 c9
0x00007ff983a2eb73:   75 0d c1 ea 1c f6 c2 01 75 05 44 8b c9 eb 35 41
0x00007ff983a2eb83:   b9 23 00 00 00 eb 2d 45 84 c9 74 08 41 b9 76 00
0x00007ff983a2eb93:   00 00 eb 20 8b c2 c1 e8 1c a8 01 74 08 41 b9 70
0x00007ff983a2eba3:   00 00 00 eb 0f c1 ea 1f 41 b9 40 00 00 00 84 d2
0x00007ff983a2ebb3:   45 0f 45 cb 41 8b d0 41 8b c0 c1 ea 1d 80 e2 01
0x00007ff983a2ebc3:   c1 e8 1e a8 01 74 15 84 d2 75 0a 41 c1 e8 1c 41
0x00007ff983a2ebd3:   f6 c0 01 74 33 b9 23 00 00 00 eb 2c 84 d2 74 07
0x00007ff983a2ebe3:   b9 76 00 00 00 eb 21 41 8b c0 c1 e8 1c a8 01 74
0x00007ff983a2ebf3:   07 b9 70 00 00 00 eb 10 41 c1 e8 1f b9 40 00 00
0x00007ff983a2ec03:   00 45 84 c0 41 0f 45 cb 44 8b c1 48 8d 15 93 17
0x00007ff983a2ec13:   55 00 49 8b ca e9 23 5c 00 00 c3 cc cc 48 89 5c 


Stack slot to memory mapping:
stack at sp + 0 slots: 0x0000001e9b3ff4b0 is pointing into the stack for thread: 0x000001c25dd99000
stack at sp + 1 slots: 0x0000000000000028 is an unknown value
stack at sp + 2 slots: 0x0 is NULL
stack at sp + 3 slots: 0x00007ff983a4400a jvm.dll
stack at sp + 4 slots: 0x0000001e9b3fefe0 is pointing into the stack for thread: 0x000001c25dd99000
stack at sp + 5 slots: 0x00007ff983a329e7 jvm.dll
stack at sp + 6 slots: 0x0000001e9b3fefe0 is pointing into the stack for thread: 0x000001c25dd99000
stack at sp + 7 slots: 0x000001c25dd99000 is a thread


---------------  P R O C E S S  ---------------

Threads class SMR info:
_java_thread_list=0x000001c25e4c30f0, length=13, elements={
0x000001c23d30d000, 0x000001c25d2d2800, 0x000001c25d2d6000, 0x000001c25d2f5800,
0x000001c25d2f8000, 0x000001c25d2f9000, 0x000001c25d34d800, 0x000001c25dc6c800,
0x000001c25d2b5800, 0x000001c25dd99000, 0x000001c25dd9a000, 0x000001c25ddc3800,
0x000001c25deb6800
}

Java Threads: ( => current thread )
  0x000001c23d30d000 JavaThread "main" [_thread_blocked, id=6528, stack(0x0000001e9a400000,0x0000001e9a500000)]
  0x000001c25d2d2800 JavaThread "Reference Handler" daemon [_thread_blocked, id=19508, stack(0x0000001e9ab00000,0x0000001e9ac00000)]
  0x000001c25d2d6000 JavaThread "Finalizer" daemon [_thread_blocked, id=6156, stack(0x0000001e9ac00000,0x0000001e9ad00000)]
  0x000001c25d2f5800 JavaThread "Signal Dispatcher" daemon [_thread_blocked, id=16484, stack(0x0000001e9ad00000,0x0000001e9ae00000)]
  0x000001c25d2f8000 JavaThread "Attach Listener" daemon [_thread_blocked, id=18400, stack(0x0000001e9ae00000,0x0000001e9af00000)]
  0x000001c25d2f9000 JavaThread "C2 CompilerThread0" daemon [_thread_blocked, id=5648, stack(0x0000001e9af00000,0x0000001e9b000000)]
  0x000001c25d34d800 JavaThread "C1 CompilerThread0" daemon [_thread_blocked, id=3664, stack(0x0000001e9b000000,0x0000001e9b100000)]
  0x000001c25dc6c800 JavaThread "Sweeper thread" daemon [_thread_blocked, id=14704, stack(0x0000001e9b100000,0x0000001e9b200000)]
  0x000001c25d2b5800 JavaThread "Common-Cleaner" daemon [_thread_blocked, id=1576, stack(0x0000001e9b200000,0x0000001e9b300000)]
=>0x000001c25dd99000 JavaThread "JDWP Transport Listener: dt_socket" daemon [_thread_in_vm, id=7876, stack(0x0000001e9b300000,0x0000001e9b400000)]
  0x000001c25dd9a000 JavaThread "JDWP Event Helper Thread" daemon [_thread_blocked, id=6868, stack(0x0000001e9b400000,0x0000001e9b500000)]
  0x000001c25ddc3800 JavaThread "JDWP Command Reader" daemon [_thread_in_native, id=9276, stack(0x0000001e9b500000,0x0000001e9b600000)]
  0x000001c25deb6800 JavaThread "Service Thread" daemon [_thread_blocked, id=14768, stack(0x0000001e9b800000,0x0000001e9b900000)]

Other Threads:
  0x000001c25d2cd800 VMThread "VM Thread" [stack: 0x0000001e9aa00000,0x0000001e9ab00000] [id=20024]
  0x000001c25df3e000 WatcherThread [stack: 0x0000001e9b900000,0x0000001e9ba00000] [id=9068]
  0x000001c23d34f800 GCTaskThread "GC Thread#0" [stack: 0x0000001e9a500000,0x0000001e9a600000] [id=16528]
  0x000001c23d360000 ConcurrentGCThread "G1 Main Marker" [stack: 0x0000001e9a600000,0x0000001e9a700000] [id=14456]
  0x000001c23d361800 ConcurrentGCThread "G1 Conc#0" [stack: 0x0000001e9a700000,0x0000001e9a800000] [id=12696]
  0x000001c23d3de000 ConcurrentGCThread "G1 Refine#0" [stack: 0x0000001e9a800000,0x0000001e9a900000] [id=7160]
  0x000001c25d150800 ConcurrentGCThread "G1 Young RemSet Sampling" [stack: 0x0000001e9a900000,0x0000001e9aa00000] [id=15476]

Threads with active compile tasks:

VM state:not at safepoint (normal execution)

VM Mutex/Monitor currently owned by a thread: None

Heap address: 0x0000000089000000, size: 1904 MB, Compressed Oops mode: 32-bit
Narrow klass base: 0x0000000800000000, Narrow klass shift: 3
Compressed class space size: 1073741824 Address: 0x0000000800b40000

Heap:
 garbage-first heap   total 122880K, used 5120K [0x0000000089000000, 0x0000000100000000)
  region size 1024K, 6 young (6144K), 0 survivors (0K)
 Metaspace       used 2749K, capacity 4909K, committed 5120K, reserved 1056768K
  class space    used 264K, capacity 443K, committed 512K, reserved 1048576K
Heap Regions: E=young(eden), S=young(survivor), O=old, HS=humongous(starts), HC=humongous(continues), CS=collection set, F=free, A=archive, TAMS=top-at-mark-start (previous, next)
|   0|0x0000000089000000, 0x0000000089000000, 0x0000000089100000|  0%| F|  |TAMS 0x0000000089000000, 0x0000000089000000| Untracked 
|   1|0x0000000089100000, 0x0000000089100000, 0x0000000089200000|  0%| F|  |TAMS 0x0000000089100000, 0x0000000089100000| Untracked 
|   2|0x0000000089200000, 0x0000000089200000, 0x0000000089300000|  0%| F|  |TAMS 0x0000000089200000, 0x0000000089200000| Untracked 
|   3|0x0000000089300000, 0x0000000089300000, 0x0000000089400000|  0%| F|  |TAMS 0x0000000089300000, 0x0000000089300000| Untracked 
|   4|0x0000000089400000, 0x0000000089400000, 0x0000000089500000|  0%| F|  |TAMS 0x0000000089400000, 0x0000000089400000| Untracked 
|   5|0x0000000089500000, 0x0000000089500000, 0x0000000089600000|  0%| F|  |TAMS 0x0000000089500000, 0x0000000089500000| Untracked 
|   6|0x0000000089600000, 0x0000000089600000, 0x0000000089700000|  0%| F|  |TAMS 0x0000000089600000, 0x0000000089600000| Untracked 
|   7|0x0000000089700000, 0x0000000089700000, 0x0000000089800000|  0%| F|  |TAMS 0x0000000089700000, 0x0000000089700000| Untracked 
|   8|0x0000000089800000, 0x0000000089800000, 0x0000000089900000|  0%| F|  |TAMS 0x0000000089800000, 0x0000000089800000| Untracked 
|   9|0x0000000089900000, 0x0000000089900000, 0x0000000089a00000|  0%| F|  |TAMS 0x0000000089900000, 0x0000000089900000| Untracked 
|  10|0x0000000089a00000, 0x0000000089a00000, 0x0000000089b00000|  0%| F|  |TAMS 0x0000000089a00000, 0x0000000089a00000| Untracked 
|  11|0x0000000089b00000, 0x0000000089b00000, 0x0000000089c00000|  0%| F|  |TAMS 0x0000000089b00000, 0x0000000089b00000| Untracked 
|  12|0x0000000089c00000, 0x0000000089c00000, 0x0000000089d00000|  0%| F|  |TAMS 0x0000000089c00000, 0x0000000089c00000| Untracked 
|  13|0x0000000089d00000, 0x0000000089d00000, 0x0000000089e00000|  0%| F|  |TAMS 0x0000000089d00000, 0x0000000089d00000| Untracked 
|  14|0x0000000089e00000, 0x0000000089e00000, 0x0000000089f00000|  0%| F|  |TAMS 0x0000000089e00000, 0x0000000089e00000| Untracked 
|  15|0x0000000089f00000, 0x0000000089f00000, 0x000000008a000000|  0%| F|  |TAMS 0x0000000089f00000, 0x0000000089f00000| Untracked 
|  16|0x000000008a000000, 0x000000008a000000, 0x000000008a100000|  0%| F|  |TAMS 0x000000008a000000, 0x000000008a000000| Untracked 
|  17|0x000000008a100000, 0x000000008a100000, 0x000000008a200000|  0%| F|  |TAMS 0x000000008a100000, 0x000000008a100000| Untracked 
|  18|0x000000008a200000, 0x000000008a200000, 0x000000008a300000|  0%| F|  |TAMS 0x000000008a200000, 0x000000008a200000| Untracked 
|  19|0x000000008a300000, 0x000000008a300000, 0x000000008a400000|  0%| F|  |TAMS 0x000000008a300000, 0x000000008a300000| Untracked 
|  20|0x000000008a400000, 0x000000008a400000, 0x000000008a500000|  0%| F|  |TAMS 0x000000008a400000, 0x000000008a400000| Untracked 
|  21|0x000000008a500000, 0x000000008a500000, 0x000000008a600000|  0%| F|  |TAMS 0x000000008a500000, 0x000000008a500000| Untracked 
|  22|0x000000008a600000, 0x000000008a600000, 0x000000008a700000|  0%| F|  |TAMS 0x000000008a600000, 0x000000008a600000| Untracked 
|  23|0x000000008a700000, 0x000000008a700000, 0x000000008a800000|  0%| F|  |TAMS 0x000000008a700000, 0x000000008a700000| Untracked 
|  24|0x000000008a800000, 0x000000008a800000, 0x000000008a900000|  0%| F|  |TAMS 0x000000008a800000, 0x000000008a800000| Untracked 
|  25|0x000000008a900000, 0x000000008a900000, 0x000000008aa00000|  0%| F|  |TAMS 0x000000008a900000, 0x000000008a900000| Untracked 
|  26|0x000000008aa00000, 0x000000008aa00000, 0x000000008ab00000|  0%| F|  |TAMS 0x000000008aa00000, 0x000000008aa00000| Untracked 
|  27|0x000000008ab00000, 0x000000008ab00000, 0x000000008ac00000|  0%| F|  |TAMS 0x000000008ab00000, 0x000000008ab00000| Untracked 
|  28|0x000000008ac00000, 0x000000008ac00000, 0x000000008ad00000|  0%| F|  |TAMS 0x000000008ac00000, 0x000000008ac00000| Untracked 
|  29|0x000000008ad00000, 0x000000008ad00000, 0x000000008ae00000|  0%| F|  |TAMS 0x000000008ad00000, 0x000000008ad00000| Untracked 
|  30|0x000000008ae00000, 0x000000008ae00000, 0x000000008af00000|  0%| F|  |TAMS 0x000000008ae00000, 0x000000008ae00000| Untracked 
|  31|0x000000008af00000, 0x000000008af00000, 0x000000008b000000|  0%| F|  |TAMS 0x000000008af00000, 0x000000008af00000| Untracked 
|  32|0x000000008b000000, 0x000000008b000000, 0x000000008b100000|  0%| F|  |TAMS 0x000000008b000000, 0x000000008b000000| Untracked 
|  33|0x000000008b100000, 0x000000008b100000, 0x000000008b200000|  0%| F|  |TAMS 0x000000008b100000, 0x000000008b100000| Untracked 
|  34|0x000000008b200000, 0x000000008b200000, 0x000000008b300000|  0%| F|  |TAMS 0x000000008b200000, 0x000000008b200000| Untracked 
|  35|0x000000008b300000, 0x000000008b300000, 0x000000008b400000|  0%| F|  |TAMS 0x000000008b300000, 0x000000008b300000| Untracked 
|  36|0x000000008b400000, 0x000000008b400000, 0x000000008b500000|  0%| F|  |TAMS 0x000000008b400000, 0x000000008b400000| Untracked 
|  37|0x000000008b500000, 0x000000008b500000, 0x000000008b600000|  0%| F|  |TAMS 0x000000008b500000, 0x000000008b500000| Untracked 
|  38|0x000000008b600000, 0x000000008b600000, 0x000000008b700000|  0%| F|  |TAMS 0x000000008b600000, 0x000000008b600000| Untracked 
|  39|0x000000008b700000, 0x000000008b700000, 0x000000008b800000|  0%| F|  |TAMS 0x000000008b700000, 0x000000008b700000| Untracked 
|  40|0x000000008b800000, 0x000000008b800000, 0x000000008b900000|  0%| F|  |TAMS 0x000000008b800000, 0x000000008b800000| Untracked 
|  41|0x000000008b900000, 0x000000008b900000, 0x000000008ba00000|  0%| F|  |TAMS 0x000000008b900000, 0x000000008b900000| Untracked 
|  42|0x000000008ba00000, 0x000000008ba00000, 0x000000008bb00000|  0%| F|  |TAMS 0x000000008ba00000, 0x000000008ba00000| Untracked 
|  43|0x000000008bb00000, 0x000000008bb00000, 0x000000008bc00000|  0%| F|  |TAMS 0x000000008bb00000, 0x000000008bb00000| Untracked 
|  44|0x000000008bc00000, 0x000000008bc00000, 0x000000008bd00000|  0%| F|  |TAMS 0x000000008bc00000, 0x000000008bc00000| Untracked 
|  45|0x000000008bd00000, 0x000000008bd00000, 0x000000008be00000|  0%| F|  |TAMS 0x000000008bd00000, 0x000000008bd00000| Untracked 
|  46|0x000000008be00000, 0x000000008be00000, 0x000000008bf00000|  0%| F|  |TAMS 0x000000008be00000, 0x000000008be00000| Untracked 
|  47|0x000000008bf00000, 0x000000008bf00000, 0x000000008c000000|  0%| F|  |TAMS 0x000000008bf00000, 0x000000008bf00000| Untracked 
|  48|0x000000008c000000, 0x000000008c000000, 0x000000008c100000|  0%| F|  |TAMS 0x000000008c000000, 0x000000008c000000| Untracked 
|  49|0x000000008c100000, 0x000000008c100000, 0x000000008c200000|  0%| F|  |TAMS 0x000000008c100000, 0x000000008c100000| Untracked 
|  50|0x000000008c200000, 0x000000008c200000, 0x000000008c300000|  0%| F|  |TAMS 0x000000008c200000, 0x000000008c200000| Untracked 
|  51|0x000000008c300000, 0x000000008c300000, 0x000000008c400000|  0%| F|  |TAMS 0x000000008c300000, 0x000000008c300000| Untracked 
|  52|0x000000008c400000, 0x000000008c400000, 0x000000008c500000|  0%| F|  |TAMS 0x000000008c400000, 0x000000008c400000| Untracked 
|  53|0x000000008c500000, 0x000000008c500000, 0x000000008c600000|  0%| F|  |TAMS 0x000000008c500000, 0x000000008c500000| Untracked 
|  54|0x000000008c600000, 0x000000008c600000, 0x000000008c700000|  0%| F|  |TAMS 0x000000008c600000, 0x000000008c600000| Untracked 
|  55|0x000000008c700000, 0x000000008c700000, 0x000000008c800000|  0%| F|  |TAMS 0x000000008c700000, 0x000000008c700000| Untracked 
|  56|0x000000008c800000, 0x000000008c800000, 0x000000008c900000|  0%| F|  |TAMS 0x000000008c800000, 0x000000008c800000| Untracked 
|  57|0x000000008c900000, 0x000000008c900000, 0x000000008ca00000|  0%| F|  |TAMS 0x000000008c900000, 0x000000008c900000| Untracked 
|  58|0x000000008ca00000, 0x000000008ca00000, 0x000000008cb00000|  0%| F|  |TAMS 0x000000008ca00000, 0x000000008ca00000| Untracked 
|  59|0x000000008cb00000, 0x000000008cb00000, 0x000000008cc00000|  0%| F|  |TAMS 0x000000008cb00000, 0x000000008cb00000| Untracked 
|  60|0x000000008cc00000, 0x000000008cc00000, 0x000000008cd00000|  0%| F|  |TAMS 0x000000008cc00000, 0x000000008cc00000| Untracked 
|  61|0x000000008cd00000, 0x000000008cd00000, 0x000000008ce00000|  0%| F|  |TAMS 0x000000008cd00000, 0x000000008cd00000| Untracked 
|  62|0x000000008ce00000, 0x000000008ce00000, 0x000000008cf00000|  0%| F|  |TAMS 0x000000008ce00000, 0x000000008ce00000| Untracked 
|  63|0x000000008cf00000, 0x000000008cf00000, 0x000000008d000000|  0%| F|  |TAMS 0x000000008cf00000, 0x000000008cf00000| Untracked 
|  64|0x000000008d000000, 0x000000008d000000, 0x000000008d100000|  0%| F|  |TAMS 0x000000008d000000, 0x000000008d000000| Untracked 
|  65|0x000000008d100000, 0x000000008d100000, 0x000000008d200000|  0%| F|  |TAMS 0x000000008d100000, 0x000000008d100000| Untracked 
|  66|0x000000008d200000, 0x000000008d200000, 0x000000008d300000|  0%| F|  |TAMS 0x000000008d200000, 0x000000008d200000| Untracked 
|  67|0x000000008d300000, 0x000000008d300000, 0x000000008d400000|  0%| F|  |TAMS 0x000000008d300000, 0x000000008d300000| Untracked 
|  68|0x000000008d400000, 0x000000008d400000, 0x000000008d500000|  0%| F|  |TAMS 0x000000008d400000, 0x000000008d400000| Untracked 
|  69|0x000000008d500000, 0x000000008d500000, 0x000000008d600000|  0%| F|  |TAMS 0x000000008d500000, 0x000000008d500000| Untracked 
|  70|0x000000008d600000, 0x000000008d600000, 0x000000008d700000|  0%| F|  |TAMS 0x000000008d600000, 0x000000008d600000| Untracked 
|  71|0x000000008d700000, 0x000000008d700000, 0x000000008d800000|  0%| F|  |TAMS 0x000000008d700000, 0x000000008d700000| Untracked 
|  72|0x000000008d800000, 0x000000008d800000, 0x000000008d900000|  0%| F|  |TAMS 0x000000008d800000, 0x000000008d800000| Untracked 
|  73|0x000000008d900000, 0x000000008d900000, 0x000000008da00000|  0%| F|  |TAMS 0x000000008d900000, 0x000000008d900000| Untracked 
|  74|0x000000008da00000, 0x000000008da00000, 0x000000008db00000|  0%| F|  |TAMS 0x000000008da00000, 0x000000008da00000| Untracked 
|  75|0x000000008db00000, 0x000000008db00000, 0x000000008dc00000|  0%| F|  |TAMS 0x000000008db00000, 0x000000008db00000| Untracked 
|  76|0x000000008dc00000, 0x000000008dc00000, 0x000000008dd00000|  0%| F|  |TAMS 0x000000008dc00000, 0x000000008dc00000| Untracked 
|  77|0x000000008dd00000, 0x000000008dd00000, 0x000000008de00000|  0%| F|  |TAMS 0x000000008dd00000, 0x000000008dd00000| Untracked 
|  78|0x000000008de00000, 0x000000008de00000, 0x000000008df00000|  0%| F|  |TAMS 0x000000008de00000, 0x000000008de00000| Untracked 
|  79|0x000000008df00000, 0x000000008df00000, 0x000000008e000000|  0%| F|  |TAMS 0x000000008df00000, 0x000000008df00000| Untracked 
|  80|0x000000008e000000, 0x000000008e000000, 0x000000008e100000|  0%| F|  |TAMS 0x000000008e000000, 0x000000008e000000| Untracked 
|  81|0x000000008e100000, 0x000000008e100000, 0x000000008e200000|  0%| F|  |TAMS 0x000000008e100000, 0x000000008e100000| Untracked 
|  82|0x000000008e200000, 0x000000008e200000, 0x000000008e300000|  0%| F|  |TAMS 0x000000008e200000, 0x000000008e200000| Untracked 
|  83|0x000000008e300000, 0x000000008e300000, 0x000000008e400000|  0%| F|  |TAMS 0x000000008e300000, 0x000000008e300000| Untracked 
|  84|0x000000008e400000, 0x000000008e400000, 0x000000008e500000|  0%| F|  |TAMS 0x000000008e400000, 0x000000008e400000| Untracked 
|  85|0x000000008e500000, 0x000000008e500000, 0x000000008e600000|  0%| F|  |TAMS 0x000000008e500000, 0x000000008e500000| Untracked 
|  86|0x000000008e600000, 0x000000008e600000, 0x000000008e700000|  0%| F|  |TAMS 0x000000008e600000, 0x000000008e600000| Untracked 
|  87|0x000000008e700000, 0x000000008e700000, 0x000000008e800000|  0%| F|  |TAMS 0x000000008e700000, 0x000000008e700000| Untracked 
|  88|0x000000008e800000, 0x000000008e800000, 0x000000008e900000|  0%| F|  |TAMS 0x000000008e800000, 0x000000008e800000| Untracked 
|  89|0x000000008e900000, 0x000000008e900000, 0x000000008ea00000|  0%| F|  |TAMS 0x000000008e900000, 0x000000008e900000| Untracked 
|  90|0x000000008ea00000, 0x000000008ea00000, 0x000000008eb00000|  0%| F|  |TAMS 0x000000008ea00000, 0x000000008ea00000| Untracked 
|  91|0x000000008eb00000, 0x000000008eb00000, 0x000000008ec00000|  0%| F|  |TAMS 0x000000008eb00000, 0x000000008eb00000| Untracked 
|  92|0x000000008ec00000, 0x000000008ec00000, 0x000000008ed00000|  0%| F|  |TAMS 0x000000008ec00000, 0x000000008ec00000| Untracked 
|  93|0x000000008ed00000, 0x000000008ed00000, 0x000000008ee00000|  0%| F|  |TAMS 0x000000008ed00000, 0x000000008ed00000| Untracked 
|  94|0x000000008ee00000, 0x000000008ee00000, 0x000000008ef00000|  0%| F|  |TAMS 0x000000008ee00000, 0x000000008ee00000| Untracked 
|  95|0x000000008ef00000, 0x000000008ef00000, 0x000000008f000000|  0%| F|  |TAMS 0x000000008ef00000, 0x000000008ef00000| Untracked 
|  96|0x000000008f000000, 0x000000008f000000, 0x000000008f100000|  0%| F|  |TAMS 0x000000008f000000, 0x000000008f000000| Untracked 
|  97|0x000000008f100000, 0x000000008f100000, 0x000000008f200000|  0%| F|  |TAMS 0x000000008f100000, 0x000000008f100000| Untracked 
|  98|0x000000008f200000, 0x000000008f200000, 0x000000008f300000|  0%| F|  |TAMS 0x000000008f200000, 0x000000008f200000| Untracked 
|  99|0x000000008f300000, 0x000000008f300000, 0x000000008f400000|  0%| F|  |TAMS 0x000000008f300000, 0x000000008f300000| Untracked 
| 100|0x000000008f400000, 0x000000008f400000, 0x000000008f500000|  0%| F|  |TAMS 0x000000008f400000, 0x000000008f400000| Untracked 
| 101|0x000000008f500000, 0x000000008f500000, 0x000000008f600000|  0%| F|  |TAMS 0x000000008f500000, 0x000000008f500000| Untracked 
| 102|0x000000008f600000, 0x000000008f600000, 0x000000008f700000|  0%| F|  |TAMS 0x000000008f600000, 0x000000008f600000| Untracked 
| 103|0x000000008f700000, 0x000000008f700000, 0x000000008f800000|  0%| F|  |TAMS 0x000000008f700000, 0x000000008f700000| Untracked 
| 104|0x000000008f800000, 0x000000008f800000, 0x000000008f900000|  0%| F|  |TAMS 0x000000008f800000, 0x000000008f800000| Untracked 
| 105|0x000000008f900000, 0x000000008f900000, 0x000000008fa00000|  0%| F|  |TAMS 0x000000008f900000, 0x000000008f900000| Untracked 
| 106|0x000000008fa00000, 0x000000008fa00000, 0x000000008fb00000|  0%| F|  |TAMS 0x000000008fa00000, 0x000000008fa00000| Untracked 
| 107|0x000000008fb00000, 0x000000008fb00000, 0x000000008fc00000|  0%| F|  |TAMS 0x000000008fb00000, 0x000000008fb00000| Untracked 
| 108|0x000000008fc00000, 0x000000008fc00000, 0x000000008fd00000|  0%| F|  |TAMS 0x000000008fc00000, 0x000000008fc00000| Untracked 
| 109|0x000000008fd00000, 0x000000008fd00000, 0x000000008fe00000|  0%| F|  |TAMS 0x000000008fd00000, 0x000000008fd00000| Untracked 
| 110|0x000000008fe00000, 0x000000008fe00000, 0x000000008ff00000|  0%| F|  |TAMS 0x000000008fe00000, 0x000000008fe00000| Untracked 
| 111|0x000000008ff00000, 0x000000008ff00000, 0x0000000090000000|  0%| F|  |TAMS 0x000000008ff00000, 0x000000008ff00000| Untracked 
| 112|0x0000000090000000, 0x0000000090000000, 0x0000000090100000|  0%| F|  |TAMS 0x0000000090000000, 0x0000000090000000| Untracked 
| 113|0x0000000090100000, 0x0000000090100000, 0x0000000090200000|  0%| F|  |TAMS 0x0000000090100000, 0x0000000090100000| Untracked 
| 114|0x0000000090200000, 0x0000000090248318, 0x0000000090300000| 28%| E|  |TAMS 0x0000000090200000, 0x0000000090200000| Complete 
| 115|0x0000000090300000, 0x0000000090400000, 0x0000000090400000|100%| E|CS|TAMS 0x0000000090300000, 0x0000000090300000| Complete 
| 116|0x0000000090400000, 0x0000000090500000, 0x0000000090500000|100%| E|CS|TAMS 0x0000000090400000, 0x0000000090400000| Complete 
| 117|0x0000000090500000, 0x0000000090600000, 0x0000000090600000|100%| E|CS|TAMS 0x0000000090500000, 0x0000000090500000| Complete 
| 118|0x0000000090600000, 0x0000000090700000, 0x0000000090700000|100%| E|CS|TAMS 0x0000000090600000, 0x0000000090600000| Complete 
| 119|0x0000000090700000, 0x0000000090800000, 0x0000000090800000|100%| E|CS|TAMS 0x0000000090700000, 0x0000000090700000| Complete 

Card table byte_map: [0x000001c2569d0000,0x000001c256d90000] _byte_map_base: 0x000001c256588000

Marking Bits (Prev, Next): (CMBitMap*) 0x000001c23d3502f8, (CMBitMap*) 0x000001c23d350338
 Prev Bits: [0x000001c257150000, 0x000001c258f10000)
 Next Bits: [0x000001c258f10000, 0x000001c25acd0000)

Polling page: 0x000001c23d0e0000

Metaspace:

Usage:
  Non-class:      4.36 MB capacity,     2.43 MB ( 56%) used,     1.93 MB ( 44%) free+waste,     2.75 KB ( <1%) overhead. 
      Class:    443.00 KB capacity,   264.89 KB ( 60%) used,   176.55 KB ( 40%) free+waste,     1.56 KB ( <1%) overhead. 
       Both:      4.79 MB capacity,     2.68 MB ( 56%) used,     2.10 MB ( 44%) free+waste,     4.31 KB ( <1%) overhead. 

Virtual space:
  Non-class space:        8.00 MB reserved,       4.50 MB ( 56%) committed 
      Class space:        1.00 GB reserved,     512.00 KB ( <1%) committed 
             Both:        1.01 GB reserved,       5.00 MB ( <1%) committed 

Chunk freelists:
   Non-Class:  14.00 KB
       Class:  5.00 KB
        Both:  19.00 KB

MaxMetaspaceSize: 17179869184.00 GB
CompressedClassSpaceSize: 1.00 GB

CodeHeap 'non-profiled nmethods': size=120000Kb used=116Kb max_used=116Kb free=119883Kb
 bounds [0x000001c24eab0000, 0x000001c24ed20000, 0x000001c255fe0000]
CodeHeap 'profiled nmethods': size=120000Kb used=562Kb max_used=562Kb free=119437Kb
 bounds [0x000001c247580000, 0x000001c2477f0000, 0x000001c24eab0000]
CodeHeap 'non-nmethods': size=5760Kb used=1209Kb max_used=1225Kb free=4550Kb
 bounds [0x000001c246fe0000, 0x000001c247250000, 0x000001c247580000]
 total_blobs=1113 nmethods=382 adapters=278
 compilation: enabled
              stopped_count=0, restarted_count=0
 full_count=0

Compilation events (20 events):
Event: 0.604 Thread 0x000001c25d34d800 nmethod 373 0x000001c247608010 code [0x000001c2476081e0, 0x000001c2476084a0]
Event: 0.604 Thread 0x000001c25d34d800  374       3       java.lang.Character::toUpperCase (9 bytes)
Event: 0.604 Thread 0x000001c25d34d800 nmethod 374 0x000001c247608590 code [0x000001c247608740, 0x000001c2476089a0]
Event: 0.604 Thread 0x000001c25d34d800  375       3       java.lang.StringConcatHelper::stringOf (20 bytes)
Event: 0.604 Thread 0x000001c25d34d800 nmethod 375 0x000001c247608a90 code [0x000001c247608c40, 0x000001c247608ef0]
Event: 0.604 Thread 0x000001c25d34d800  376       3       sun.security.x509.X509CertImpl::getEncodedInternal (22 bytes)
Event: 0.604 Thread 0x000001c25d34d800 nmethod 376 0x000001c247608f90 code [0x000001c247609160, 0x000001c2476093b0]
Event: 0.607 Thread 0x000001c25d34d800  377       3       java.lang.String::replace (42 bytes)
Event: 0.607 Thread 0x000001c25d34d800 nmethod 377 0x000001c247609490 code [0x000001c247609660, 0x000001c247609a20]
Event: 0.607 Thread 0x000001c25d34d800  378       3       java.lang.StringConcatHelper::newArray (26 bytes)
Event: 0.607 Thread 0x000001c25d34d800 nmethod 378 0x000001c247609b10 code [0x000001c247609cc0, 0x000001c247609f90]
Event: 0.607 Thread 0x000001c25d34d800  379       3       jdk.internal.misc.Unsafe::allocateUninitializedArray (52 bytes)
Event: 0.607 Thread 0x000001c25d34d800 nmethod 379 0x000001c24760a090 code [0x000001c24760a2a0, 0x000001c24760a800]
Event: 0.607 Thread 0x000001c25d34d800  380   !   3       java.security.cert.Certificate::equals (38 bytes)
Event: 0.608 Thread 0x000001c25d34d800 nmethod 380 0x000001c24760aa10 code [0x000001c24760ac80, 0x000001c24760baf0]
Event: 0.610 Thread 0x000001c25de41800 nmethod 357 0x000001c24eacc210 code [0x000001c24eacc3c0, 0x000001c24eaccf98]
Event: 0.612 Thread 0x000001c25d34d800  381       3       org.eclipse.jdt.launching.internal.org.objectweb.asm.ClassReader::readUTF8 (23 bytes)
Event: 0.612 Thread 0x000001c25d34d800 nmethod 381 0x000001c24760bf90 code [0x000001c24760c160, 0x000001c24760c490]
Event: 0.613 Thread 0x000001c25d34d800  382       3       org.eclipse.jdt.launching.internal.org.objectweb.asm.SymbolTable::hash (10 bytes)
Event: 0.613 Thread 0x000001c25d34d800 nmethod 382 0x000001c24760c610 code [0x000001c24760c7c0, 0x000001c24760c950]

GC Heap History (0 events):
No events

Deoptimization events (20 events):
Event: 0.591 Thread 0x000001c23d30d000 DEOPT PACKING pc=0x000001c2475f03ec sp=0x0000001e9a4f8460
Event: 0.591 Thread 0x000001c23d30d000 DEOPT UNPACKING pc=0x000001c24702964e sp=0x0000001e9a4f7928 mode 0
Event: 0.593 Thread 0x000001c23d30d000 DEOPT PACKING pc=0x000001c2475f03ec sp=0x0000001e9a4f8460
Event: 0.593 Thread 0x000001c23d30d000 DEOPT UNPACKING pc=0x000001c24702964e sp=0x0000001e9a4f7928 mode 0
Event: 0.593 Thread 0x000001c23d30d000 DEOPT PACKING pc=0x000001c2475f03ec sp=0x0000001e9a4f8460
Event: 0.593 Thread 0x000001c23d30d000 DEOPT UNPACKING pc=0x000001c24702964e sp=0x0000001e9a4f7928 mode 0
Event: 0.593 Thread 0x000001c23d30d000 DEOPT PACKING pc=0x000001c2475f03ec sp=0x0000001e9a4f8460
Event: 0.593 Thread 0x000001c23d30d000 DEOPT UNPACKING pc=0x000001c24702964e sp=0x0000001e9a4f7928 mode 0
Event: 0.593 Thread 0x000001c23d30d000 DEOPT PACKING pc=0x000001c2475f03ec sp=0x0000001e9a4f8460
Event: 0.593 Thread 0x000001c23d30d000 DEOPT UNPACKING pc=0x000001c24702964e sp=0x0000001e9a4f7928 mode 0
Event: 0.597 Thread 0x000001c23d30d000 DEOPT PACKING pc=0x000001c2475f03ec sp=0x0000001e9a4fb6d0
Event: 0.597 Thread 0x000001c23d30d000 DEOPT UNPACKING pc=0x000001c24702964e sp=0x0000001e9a4fab98 mode 0
Event: 0.597 Thread 0x000001c23d30d000 DEOPT PACKING pc=0x000001c2475f03ec sp=0x0000001e9a4fb6d0
Event: 0.597 Thread 0x000001c23d30d000 DEOPT UNPACKING pc=0x000001c24702964e sp=0x0000001e9a4fab98 mode 0
Event: 0.599 Thread 0x000001c23d30d000 DEOPT PACKING pc=0x000001c2475f03ec sp=0x0000001e9a4f83e0
Event: 0.599 Thread 0x000001c23d30d000 DEOPT UNPACKING pc=0x000001c24702964e sp=0x0000001e9a4f78a8 mode 0
Event: 0.610 Thread 0x000001c23d30d000 DEOPT PACKING pc=0x000001c2475f03ec sp=0x0000001e9a4f8050
Event: 0.610 Thread 0x000001c23d30d000 DEOPT UNPACKING pc=0x000001c24702964e sp=0x0000001e9a4f7518 mode 0
Event: 0.610 Thread 0x000001c23d30d000 DEOPT PACKING pc=0x000001c2475f03ec sp=0x0000001e9a4f8050
Event: 0.610 Thread 0x000001c23d30d000 DEOPT UNPACKING pc=0x000001c24702964e sp=0x0000001e9a4f7518 mode 0

Classes unloaded (0 events):
No events

Classes redefined (20 events):
Event: 861.052 Thread 0x000001c25d2cd800 redefined class name=A3AVLTree, count=3
Event: 861.052 Thread 0x000001c25d2cd800 redefined class name=A3AVLTree$Node, count=3
Event: 1063.766 Thread 0x000001c25d2cd800 redefined class name=A3AVLTree, count=4
Event: 1063.766 Thread 0x000001c25d2cd800 redefined class name=A3AVLTree$Node, count=4
Event: 1078.441 Thread 0x000001c25d2cd800 redefined class name=A3AVLTree, count=5
Event: 1078.441 Thread 0x000001c25d2cd800 redefined class name=A3AVLTree$Node, count=5
Event: 1150.921 Thread 0x000001c25d2cd800 redefined class name=A3AVLTree, count=6
Event: 1150.921 Thread 0x000001c25d2cd800 redefined class name=A3AVLTree$Node, count=6
Event: 1173.929 Thread 0x000001c25d2cd800 redefined class name=A3AVLTree, count=7
Event: 1173.929 Thread 0x000001c25d2cd800 redefined class name=A3AVLTree$Node, count=7
Event: 1198.213 Thread 0x000001c25d2cd800 redefined class name=A3AVLTree, count=8
Event: 1198.213 Thread 0x000001c25d2cd800 redefined class name=A3AVLTree$Node, count=8
Event: 1206.237 Thread 0x000001c25d2cd800 redefined class name=A3AVLTree, count=9
Event: 1206.237 Thread 0x000001c25d2cd800 redefined class name=A3AVLTree$Node, count=9
Event: 1218.206 Thread 0x000001c25d2cd800 redefined class name=A3AVLTree, count=10
Event: 1218.206 Thread 0x000001c25d2cd800 redefined class name=A3AVLTree$Node, count=10
Event: 1231.593 Thread 0x000001c25d2cd800 redefined class name=A3AVLTree, count=11
Event: 1231.593 Thread 0x000001c25d2cd800 redefined class name=A3AVLTree$Node, count=11
Event: 1246.963 Thread 0x000001c25d2cd800 redefined class name=A3AVLTree, count=12
Event: 1246.963 Thread 0x000001c25d2cd800 redefined class name=A3AVLTree$Node, count=12

Internal exceptions (0 events):
No events

Events (20 events):
Event: 1246.989 Executing VM operation: EnterInterpOnlyMode
Event: 1246.989 Executing VM operation: EnterInterpOnlyMode done
Event: 1246.989 Executing VM operation: EnterInterpOnlyMode
Event: 1246.989 Executing VM operation: EnterInterpOnlyMode done
Event: 1246.989 Executing VM operation: EnterInterpOnlyMode
Event: 1246.989 Executing VM operation: EnterInterpOnlyMode done
Event: 1246.989 Executing VM operation: EnterInterpOnlyMode
Event: 1246.989 Executing VM operation: EnterInterpOnlyMode done
Event: 1246.989 Executing VM operation: EnterInterpOnlyMode
Event: 1246.989 Executing VM operation: EnterInterpOnlyMode done
Event: 1246.995 Executing VM operation: GetFrameCount
Event: 1246.995 Executing VM operation: GetFrameCount done
Event: 1246.995 Executing VM operation: GetStackTrace
Event: 1246.995 Executing VM operation: GetStackTrace done
Event: 1247.334 Executing VM operation: GetFrameCount
Event: 1247.334 Executing VM operation: GetFrameCount done
Event: 1247.334 Executing VM operation: GetOwnedMonitorInfo
Event: 1247.334 Executing VM operation: GetOwnedMonitorInfo done
Event: 1247.334 Executing VM operation: GetCurrentContendedMonitor
Event: 1247.334 Executing VM operation: GetCurrentContendedMonitor done


Dynamic libraries:
0x00007ff710d40000 - 0x00007ff710d4f000 	C:\Program Files\Java\jdk13\bin\javaw.exe
0x00007ff9f8040000 - 0x00007ff9f8230000 	C:\Windows\SYSTEM32\ntdll.dll
0x00007ff9f7ba0000 - 0x00007ff9f7c52000 	C:\Windows\System32\KERNEL32.DLL
0x00007ff9f51e0000 - 0x00007ff9f5485000 	C:\Windows\System32\KERNELBASE.dll
0x00007ff9f4fb0000 - 0x00007ff9f50aa000 	C:\Windows\System32\ucrtbase.dll
0x00007ff9ee510000 - 0x00007ff9ee528000 	C:\Program Files\Java\jdk13\bin\jli.dll
0x00007ff9f7230000 - 0x00007ff9f72d3000 	C:\Windows\System32\ADVAPI32.dll
0x00007ff9f6a20000 - 0x00007ff9f6abe000 	C:\Windows\System32\msvcrt.dll
0x00007ff9f7510000 - 0x00007ff9f75a7000 	C:\Windows\System32\sechost.dll
0x00007ff9f7a70000 - 0x00007ff9f7b8f000 	C:\Windows\System32\RPCRT4.dll
0x00007ff9f7ce0000 - 0x00007ff9f7e74000 	C:\Windows\System32\USER32.dll
0x00007ff9f60c0000 - 0x00007ff9f60e1000 	C:\Windows\System32\win32u.dll
0x00007ff9f6300000 - 0x00007ff9f6326000 	C:\Windows\System32\GDI32.dll
0x00007ff9f5f20000 - 0x00007ff9f60b8000 	C:\Windows\System32\gdi32full.dll
0x00007ff9f5140000 - 0x00007ff9f51de000 	C:\Windows\System32\msvcp_win.dll
0x00007ff9ee2b0000 - 0x00007ff9ee2c5000 	C:\Program Files\Java\jdk13\bin\VCRUNTIME140.dll
0x00007ff9df8f0000 - 0x00007ff9dfb74000 	C:\Windows\WinSxS\amd64_microsoft.windows.common-controls_6595b64144ccf1df_6.0.18362.1440_none_9e7dbfb9e45e8e67\COMCTL32.dll
0x00007ff9f7690000 - 0x00007ff9f79c6000 	C:\Windows\System32\combase.dll
0x00007ff9f54e0000 - 0x00007ff9f5561000 	C:\Windows\System32\bcryptPrimitives.dll
0x00007ff9ed670000 - 0x00007ff9ed67a000 	C:\Windows\SYSTEM32\VERSION.dll
0x00007ff9f74e0000 - 0x00007ff9f750e000 	C:\Windows\System32\IMM32.DLL
0x00007ff9de6e0000 - 0x00007ff9de77b000 	C:\Program Files\Java\jdk13\bin\msvcp140.dll
0x00007ff983700000 - 0x00007ff98425d000 	C:\Program Files\Java\jdk13\bin\server\jvm.dll
0x00007ff9f7220000 - 0x00007ff9f7228000 	C:\Windows\System32\PSAPI.DLL
0x00007ff9de180000 - 0x00007ff9de189000 	C:\Windows\SYSTEM32\WSOCK32.dll
0x00007ff9f7620000 - 0x00007ff9f768f000 	C:\Windows\System32\WS2_32.dll
0x00007ff9ec120000 - 0x00007ff9ec144000 	C:\Windows\SYSTEM32\WINMM.dll
0x00007ff9ec0f0000 - 0x00007ff9ec11d000 	C:\Windows\SYSTEM32\WINMMBASE.dll
0x00007ff9f5490000 - 0x00007ff9f54da000 	C:\Windows\System32\cfgmgr32.dll
0x00007ff9f4f40000 - 0x00007ff9f4f51000 	C:\Windows\System32\kernel.appcore.dll
0x00007ff9ef520000 - 0x00007ff9ef530000 	C:\Program Files\Java\jdk13\bin\verify.dll
0x00007ff9f3630000 - 0x00007ff9f3824000 	C:\Windows\SYSTEM32\DBGHELP.DLL
0x00007ff9d9c90000 - 0x00007ff9d9cba000 	C:\Windows\SYSTEM32\dbgcore.DLL
0x00007ff9ea440000 - 0x00007ff9ea466000 	C:\Program Files\Java\jdk13\bin\java.dll
0x00007ff9de3c0000 - 0x00007ff9de3f8000 	C:\Program Files\Java\jdk13\bin\jdwp.dll
0x00007ff9ef150000 - 0x00007ff9ef15e000 	C:\Program Files\Java\jdk13\bin\instrument.dll
0x00007ff9ee0f0000 - 0x00007ff9ee107000 	C:\Program Files\Java\jdk13\bin\zip.dll
0x00007ff9ef510000 - 0x00007ff9ef51a000 	C:\Program Files\Java\jdk13\bin\jimage.dll
0x00007ff9f6330000 - 0x00007ff9f6a18000 	C:\Windows\System32\SHELL32.dll
0x00007ff9f7f50000 - 0x00007ff9f7ff7000 	C:\Windows\System32\shcore.dll
0x00007ff9f56d0000 - 0x00007ff9f5e4b000 	C:\Windows\System32\windows.storage.dll
0x00007ff9f4f00000 - 0x00007ff9f4f1e000 	C:\Windows\System32\profapi.dll
0x00007ff9f4f60000 - 0x00007ff9f4faa000 	C:\Windows\System32\powrprof.dll
0x00007ff9f4ef0000 - 0x00007ff9f4f00000 	C:\Windows\System32\UMPDC.dll
0x00007ff9f60f0000 - 0x00007ff9f6142000 	C:\Windows\System32\shlwapi.dll
0x00007ff9f5f00000 - 0x00007ff9f5f17000 	C:\Windows\System32\cryptsp.dll
0x00007ff9eef50000 - 0x00007ff9eef5b000 	C:\Program Files\Java\jdk13\bin\dt_socket.dll
0x00007ff9f4730000 - 0x00007ff9f4797000 	C:\Windows\system32\mswsock.dll
0x00007ff9f4480000 - 0x00007ff9f454b000 	C:\Windows\SYSTEM32\DNSAPI.dll
0x00007ff9f72e0000 - 0x00007ff9f72e8000 	C:\Windows\System32\NSI.dll
0x00007ff9f4440000 - 0x00007ff9f447a000 	C:\Windows\SYSTEM32\IPHLPAPI.DLL
0x000000006dd00000 - 0x000000006dd26000 	C:\Program Files\Bonjour\mdnsNSP.dll
0x00007ff9ee5b0000 - 0x00007ff9ee5ba000 	C:\Windows\System32\rasadhlp.dll
0x00007ff9ec640000 - 0x00007ff9ec6b7000 	C:\Windows\System32\fwpuclnt.dll
0x00007ff9f5110000 - 0x00007ff9f5136000 	C:\Windows\System32\bcrypt.dll
0x00007ff9eb930000 - 0x00007ff9eb949000 	C:\Program Files\Java\jdk13\bin\net.dll
0x00007ff9e2fb0000 - 0x00007ff9e30aa000 	C:\Windows\SYSTEM32\WINHTTP.dll
0x00007ff9ea420000 - 0x00007ff9ea433000 	C:\Program Files\Java\jdk13\bin\nio.dll

dbghelp: loaded successfully - version: 4.0.5 - missing functions: none
symbol engine: initialized successfully - sym options: 0x614 - pdb path: .;C:\Program Files\Java\jdk13\bin;C:\Windows\SYSTEM32;C:\Windows\WinSxS\amd64_microsoft.windows.common-controls_6595b64144ccf1df_6.0.18362.1440_none_9e7dbfb9e45e8e67;C:\Program Files\Java\jdk13\bin\server;C:\Program Files\Bonjour

VM Arguments:
jvm_args: -agentlib:jdwp=transport=dt_socket,suspend=y,address=localhost:64250 -javaagent:C:\Users\user\eclipse\java-2020-06\eclipse\configuration\org.eclipse.osgi\222\0\.cp\lib\javaagent-shaded.jar -Dfile.encoding=Cp1252 
java_command: A3AVLTree
java_class_path (initial): C:\Users\user\git\AVLTree\AVLTree\bin
Launcher Type: SUN_STANDARD

[Global flags]
     intx CICompilerCount                          = 3                                         {product} {ergonomic}
     uint ConcGCThreads                            = 1                                         {product} {ergonomic}
     uint G1ConcRefinementThreads                  = 4                                         {product} {ergonomic}
   size_t G1HeapRegionSize                         = 1048576                                   {product} {ergonomic}
    uintx GCDrainStackTargetSize                   = 64                                        {product} {ergonomic}
   size_t InitialHeapSize                          = 125829120                                 {product} {ergonomic}
   size_t MarkStackSize                            = 4194304                                   {product} {ergonomic}
   size_t MaxHeapSize                              = 1996488704                                {product} {ergonomic}
   size_t MaxNewSize                               = 1197473792                                {product} {ergonomic}
   size_t MinHeapDeltaBytes                        = 1048576                                   {product} {ergonomic}
   size_t MinHeapSize                              = 8388608                                   {product} {ergonomic}
    uintx NonNMethodCodeHeapSize                   = 5832780                                {pd product} {ergonomic}
    uintx NonProfiledCodeHeapSize                  = 122912730                              {pd product} {ergonomic}
    uintx ProfiledCodeHeapSize                     = 122912730                              {pd product} {ergonomic}
    uintx ReservedCodeCacheSize                    = 251658240                              {pd product} {ergonomic}
     bool SegmentedCodeCache                       = true                                      {product} {ergonomic}
   size_t SoftMaxHeapSize                          = 1996488704                             {manageable} {ergonomic}
     bool UseCompressedClassPointers               = true                                 {lp64_product} {ergonomic}
     bool UseCompressedOops                        = true                                 {lp64_product} {ergonomic}
     bool UseG1GC                                  = true                                      {product} {ergonomic}
     bool UseLargePagesIndividualAllocation        = false                                  {pd product} {ergonomic}

Logging:
Log output configuration:
 #0: stdout all=warning uptime,level,tags
 #1: stderr all=off uptime,level,tags

Environment Variables:
PATH=C:/Program Files/Java/jdk13/bin/server;C:/Program Files/Java/jdk13/bin;C:\Program Files (x86)\Intel\iCLS Client\;C:\Program Files\Intel\iCLS Client\;C:\Windows\system32;C:\Windows;C:\Windows\System32\Wbem;C:\Windows\System32\WindowsPowerShell\v1.0\;C:\Windows\System32\OpenSSH\;C:\Program Files (x86)\Intel\Intel(R) Management Engine Components\DAL;C:\Program Files\Intel\Intel(R) Management Engine Components\DAL;C:\Program Files (x86)\Intel\Intel(R) Management Engine Components\IPT;C:\Program Files\Intel\Intel(R) Management Engine Components\IPT;C:\Program Files\Java\jdk13\bin;C:\Program Files\Git\cmd;C:\Program Files\nodejs\;C:\Users\user\AppData\Local\Programs\Python\Python39\Scripts\;C:\Users\user\AppData\Local\Programs\Python\Python39\;C:\Users\user\AppData\Local\Microsoft\WindowsApps;C:\Users\user\AppData\Local\Programs\Microsoft VS Code\bin;C:\Users\user\AppData\Local\GitHubDesktop\bin;C:\Users\user\AppData\Local\atom\bin;C:\Users\user\AppData\Local\hyper\app-3.0.2\resources\bin;C:\Users\user\AppData\Roaming\npm;C:\Program Files\mingw-w64\x86_64-8.1.0-posix-seh-rt_v6-rev0\mingw64\bin;;C:\Users\user\eclipse\java-2020-06\eclipse;
USERNAME=yorkuniversity
OS=Windows_NT
PROCESSOR_IDENTIFIER=Intel64 Family 6 Model 142 Stepping 9, GenuineIntel



---------------  S Y S T E M  ---------------

OS: Windows 10 , 64 bit Build 18362 (10.0.18362.1350)

CPU:total 4 (initial active 4) (2 cores per cpu, 2 threads per core) family 6 model 142 stepping 9, cmov, cx8, fxsr, mmx, sse, sse2, sse3, ssse3, sse4.1, sse4.2, popcnt, avx, avx2, aes, clmul, erms, 3dnowpref, lzcnt, ht, tsc, tscinvbit, bmi1, bmi2, adx, fma

Memory: 4k page, system-wide physical 7611M (1606M free)
TotalPageFile size 22971M (AvailPageFile size 14343M)
current process WorkingSet (physical memory assigned to process): 39M, peak: 41M
current process commit charge ("private bytes"): 198M, peak: 201M

vm_info: Java HotSpot(TM) 64-Bit Server VM (13.0.2+8) for windows-amd64 JRE (13.0.2+8), built on Dec 11 2019 09:20:33 by "mach5one" with unknown MS VC++:1916

END.
